#
# There is insufficient memory for the Java Runtime Environment to continue.
# Native memory allocation (malloc) failed to allocate 608816 bytes for Chunk::new
# Possible reasons:
#   The system is out of physical RAM or swap space
#   The process is running with CompressedOops enabled, and the Java Heap may be blocking the growth of the native heap
# Possible solutions:
#   Reduce memory load on the system
#   Increase physical memory or swap space
#   Check if swap backing store is full
#   Decrease Java heap size (-Xmx/-Xms)
#   Decrease number of Java threads
#   Decrease Java thread stack sizes (-Xss)
#   Set larger code cache with -XX:ReservedCodeCacheSize=
#   JVM is running with Unscaled Compressed Oops mode in which the Java heap is
#     placed in the first 4GB address space. The Java Heap base address is the
#     maximum limit for the native heap growth. Please use -XX:HeapBaseMinAddress
#     to set the Java Heap base and to place the Java Heap above 4GB virtual address.
# This output file may be truncated or incomplete.
#
#  Out of Memory Error (./src/hotspot/share/memory/arena.cpp:197), pid=2716, tid=9600
#
# JRE version: OpenJDK Runtime Environment (11.0.12+7) (build 11.0.12+7-b1504.28-7817840)
# Java VM: OpenJDK 64-Bit Server VM (11.0.12+7-b1504.28-7817840, mixed mode, tiered, compressed oops, g1 gc, windows-amd64)
# No core dump will be written. Minidumps are not enabled by default on client versions of Windows
#

---------------  S U M M A R Y ------------

Command Line: org.jetbrains.kotlin.cli.jvm.K2JVMCompiler @C:\Users\Tecnico TI\Desktop\Lucas reposiorys\Vendas\app\build\20220929_1879782820581647596.compiler.options

Host: Intel(R) Core(TM) i5-10500T CPU @ 2.30GHz, 12 cores, 7G,  Windows 10 , 64 bit Build 22000 (10.0.22000.708)
Time: Thu Sep 29 18:46:28 2022 Hora oficial do Brasil elapsed time: 2.343187 seconds (0d 0h 0m 2s)

---------------  T H R E A D  ---------------

Current thread (0x000001f0d4afa800):  JavaThread "C2 CompilerThread1" daemon [_thread_in_native, id=9600, stack(0x000000e3da500000,0x000000e3da600000)]


Current CompileTask:
C2:   2343 3156       4       org.jetbrains.kotlin.parsing.SemanticWhitespaceAwarePsiBuilderImpl::getTokenType (22 bytes)

Stack: [0x000000e3da500000,0x000000e3da600000]
Native frames: (J=compiled Java code, j=interpreted, Vv=VM code, C=native code)
V  [jvm.dll+0x5fbcea]
V  [jvm.dll+0x731905]
V  [jvm.dll+0x732f1d]
V  [jvm.dll+0x7335d3]
V  [jvm.dll+0x247bf8]
V  [jvm.dll+0xc018c]
V  [jvm.dll+0xc06cc]
V  [jvm.dll+0x35b2db]
V  [jvm.dll+0x19cebc]
V  [jvm.dll+0x20070e]
V  [jvm.dll+0x1ff794]
V  [jvm.dll+0x18868c]
V  [jvm.dll+0x20e0d7]
V  [jvm.dll+0x20c901]
V  [jvm.dll+0x6f9b7f]
V  [jvm.dll+0x6f26a5]
V  [jvm.dll+0x5fabf6]
C  [ucrtbase.dll+0x26c0c]
C  [KERNEL32.DLL+0x154e0]
C  [ntdll.dll+0x485b]


---------------  P R O C E S S  ---------------

Threads class SMR info:
_java_thread_list=0x000001f0d4af6f10, length=12, elements={
0x000001f0b99af000, 0x000001f0d3fe0000, 0x000001f0d400f800, 0x000001f0d4025000,
0x000001f0d4026000, 0x000001f0d4027000, 0x000001f0d4028000, 0x000001f0d495e000,
0x000001f0d4961000, 0x000001f0d4b04800, 0x000001f0d4afa800, 0x000001f0d4af8800
}

Java Threads: ( => current thread )
  0x000001f0b99af000 JavaThread "main" [_thread_in_native, id=8852, stack(0x000000e3d9400000,0x000000e3d9500000)]
  0x000001f0d3fe0000 JavaThread "Reference Handler" daemon [_thread_blocked, id=3076, stack(0x000000e3d9b00000,0x000000e3d9c00000)]
  0x000001f0d400f800 JavaThread "Finalizer" daemon [_thread_blocked, id=14180, stack(0x000000e3d9c00000,0x000000e3d9d00000)]
  0x000001f0d4025000 JavaThread "Signal Dispatcher" daemon [_thread_blocked, id=2316, stack(0x000000e3d9d00000,0x000000e3d9e00000)]
  0x000001f0d4026000 JavaThread "Attach Listener" daemon [_thread_blocked, id=11400, stack(0x000000e3d9e00000,0x000000e3d9f00000)]
  0x000001f0d4027000 JavaThread "Service Thread" daemon [_thread_blocked, id=9272, stack(0x000000e3d9f00000,0x000000e3da000000)]
  0x000001f0d4028000 JavaThread "C2 CompilerThread0" daemon [_thread_in_native, id=7204, stack(0x000000e3da000000,0x000000e3da100000)]
  0x000001f0d495e000 JavaThread "C1 CompilerThread0" daemon [_thread_in_vm, id=8228, stack(0x000000e3da100000,0x000000e3da200000)]
  0x000001f0d4961000 JavaThread "Sweeper thread" daemon [_thread_blocked, id=12948, stack(0x000000e3da200000,0x000000e3da300000)]
  0x000001f0d4b04800 JavaThread "Common-Cleaner" daemon [_thread_blocked, id=14040, stack(0x000000e3da400000,0x000000e3da500000)]
=>0x000001f0d4afa800 JavaThread "C2 CompilerThread1" daemon [_thread_in_native, id=9600, stack(0x000000e3da500000,0x000000e3da600000)]
  0x000001f0d4af8800 JavaThread "C2 CompilerThread2" daemon [_thread_in_native, id=12612, stack(0x000000e3da600000,0x000000e3da700000)]

Other Threads:
  0x000001f0d3fde000 VMThread "VM Thread" [stack: 0x000000e3d9a00000,0x000000e3d9b00000] [id=3464]
  0x000001f0d4af1800 WatcherThread [stack: 0x000000e3da300000,0x000000e3da400000] [id=10732]
  0x000001f0b99c6800 GCTaskThread "GC Thread#0" [stack: 0x000000e3d9500000,0x000000e3d9600000] [id=13588]
  0x000001f0d517f800 GCTaskThread "GC Thread#1" [stack: 0x000000e3da700000,0x000000e3da800000] [id=6116]
  0x000001f0b99f6800 ConcurrentGCThread "G1 Main Marker" [stack: 0x000000e3d9600000,0x000000e3d9700000] [id=7464]
  0x000001f0b99f9800 ConcurrentGCThread "G1 Conc#0" [stack: 0x000000e3d9700000,0x000000e3d9800000] [id=968]
  0x000001f0d5d3f800 ConcurrentGCThread "G1 Conc#1" [stack: 0x000000e3da800000,0x000000e3da900000] [id=8176]
  0x000001f0d6650800 ConcurrentGCThread "G1 Conc#2" [stack: 0x000000e3da900000,0x000000e3daa00000] [id=1348]
  0x000001f0b9a8e800 ConcurrentGCThread "G1 Refine#0" [stack: 0x000000e3d9800000,0x000000e3d9900000] [id=2176]
  0x000001f0d3e3a800 ConcurrentGCThread "G1 Young RemSet Sampling" [stack: 0x000000e3d9900000,0x000000e3d9a00000] [id=6764]

Threads with active compile tasks:
C2 CompilerThread0   2351 3235       4       org.jetbrains.kotlin.parsing.AbstractKotlinParsing::_at (12 bytes)
C1 CompilerThread0   2351 3274       3       gnu.trove.TObjectHash::insertionIndex (273 bytes)
C2 CompilerThread1   2351 3156       4       org.jetbrains.kotlin.parsing.SemanticWhitespaceAwarePsiBuilderImpl::getTokenType (22 bytes)
C2 CompilerThread2   2351 3161       4       org.jetbrains.kotlin.parsing.AbstractKotlinParsing::tt (10 bytes)

VM state:not at safepoint (normal execution)

VM Mutex/Monitor currently owned by a thread: None

Heap address: 0x0000000084600000, size: 1978 MB, Compressed Oops mode: 32-bit
Narrow klass base: 0x0000000000000000, Narrow klass shift: 3
Compressed class space size: 1073741824 Address: 0x0000000100000000

Heap:
 garbage-first heap   total 173056K, used 32576K [0x0000000084600000, 0x0000000100000000)
  region size 1024K, 15 young (15360K), 7 survivors (7168K)
 Metaspace       used 45533K, capacity 46082K, committed 46384K, reserved 1089536K
  class space    used 5457K, capacity 5666K, committed 5760K, reserved 1048576K
Heap Regions: E=young(eden), S=young(survivor), O=old, HS=humongous(starts), HC=humongous(continues), CS=collection set, F=free, A=archive, TAMS=top-at-mark-start (previous, next)
|   0|0x0000000084600000, 0x0000000084700000, 0x0000000084700000|100%|HS|  |TAMS 0x0000000084700000, 0x0000000084600000| Complete 
|   1|0x0000000084700000, 0x0000000084800000, 0x0000000084800000|100%|HC|  |TAMS 0x0000000084800000, 0x0000000084700000| Complete 
|   2|0x0000000084800000, 0x0000000084900000, 0x0000000084900000|100%|HC|  |TAMS 0x0000000084900000, 0x0000000084800000| Complete 
|   3|0x0000000084900000, 0x0000000084a00000, 0x0000000084a00000|100%| O|  |TAMS 0x0000000084a00000, 0x0000000084900000| Untracked 
|   4|0x0000000084a00000, 0x0000000084b00000, 0x0000000084b00000|100%| O|  |TAMS 0x0000000084b00000, 0x0000000084a00000| Untracked 
|   5|0x0000000084b00000, 0x0000000084c00000, 0x0000000084c00000|100%|HS|  |TAMS 0x0000000084c00000, 0x0000000084b00000| Complete 
|   6|0x0000000084c00000, 0x0000000084d00000, 0x0000000084d00000|100%|HC|  |TAMS 0x0000000084d00000, 0x0000000084c00000| Complete 
|   7|0x0000000084d00000, 0x0000000084e00000, 0x0000000084e00000|100%|HC|  |TAMS 0x0000000084e00000, 0x0000000084d00000| Complete 
|   8|0x0000000084e00000, 0x0000000084e00000, 0x0000000084f00000|  0%| F|  |TAMS 0x0000000084e00000, 0x0000000084e00000| Untracked 
|   9|0x0000000084f00000, 0x0000000084f00000, 0x0000000085000000|  0%| F|  |TAMS 0x0000000084f00000, 0x0000000084f00000| Untracked 
|  10|0x0000000085000000, 0x0000000085100000, 0x0000000085100000|100%| O|  |TAMS 0x0000000085100000, 0x0000000085000000| Untracked 
|  11|0x0000000085100000, 0x0000000085200000, 0x0000000085200000|100%| O|  |TAMS 0x0000000085200000, 0x0000000085100000| Untracked 
|  12|0x0000000085200000, 0x0000000085300000, 0x0000000085300000|100%| O|  |TAMS 0x0000000085300000, 0x0000000085200000| Untracked 
|  13|0x0000000085300000, 0x0000000085400000, 0x0000000085400000|100%| O|  |TAMS 0x0000000085400000, 0x0000000085300000| Untracked 
|  14|0x0000000085400000, 0x0000000085500000, 0x0000000085500000|100%| O|  |TAMS 0x0000000085500000, 0x0000000085400000| Untracked 
|  15|0x0000000085500000, 0x0000000085600000, 0x0000000085600000|100%| O|  |TAMS 0x00000000855bc800, 0x0000000085500000| Untracked 
|  16|0x0000000085600000, 0x0000000085700000, 0x0000000085700000|100%| O|  |TAMS 0x0000000085600000, 0x0000000085600000| Untracked 
|  17|0x0000000085700000, 0x0000000085800000, 0x0000000085800000|100%| O|  |TAMS 0x0000000085700000, 0x0000000085700000| Untracked 
|  18|0x0000000085800000, 0x0000000085900000, 0x0000000085900000|100%| O|  |TAMS 0x0000000085800000, 0x0000000085800000| Untracked 
|  19|0x0000000085900000, 0x00000000859d0000, 0x0000000085a00000| 81%| O|  |TAMS 0x0000000085900000, 0x0000000085900000| Untracked 
|  20|0x0000000085a00000, 0x0000000085a00000, 0x0000000085b00000|  0%| F|  |TAMS 0x0000000085a00000, 0x0000000085a00000| Untracked 
|  21|0x0000000085b00000, 0x0000000085b00000, 0x0000000085c00000|  0%| F|  |TAMS 0x0000000085b00000, 0x0000000085b00000| Untracked 
|  22|0x0000000085c00000, 0x0000000085c00000, 0x0000000085d00000|  0%| F|  |TAMS 0x0000000085c00000, 0x0000000085c00000| Untracked 
|  23|0x0000000085d00000, 0x0000000085d00000, 0x0000000085e00000|  0%| F|  |TAMS 0x0000000085d00000, 0x0000000085d00000| Untracked 
|  24|0x0000000085e00000, 0x0000000085e00000, 0x0000000085f00000|  0%| F|  |TAMS 0x0000000085e00000, 0x0000000085e00000| Untracked 
|  25|0x0000000085f00000, 0x0000000085f00000, 0x0000000086000000|  0%| F|  |TAMS 0x0000000085f00000, 0x0000000085f00000| Untracked 
|  26|0x0000000086000000, 0x0000000086000000, 0x0000000086100000|  0%| F|  |TAMS 0x0000000086000000, 0x0000000086000000| Untracked 
|  27|0x0000000086100000, 0x0000000086100000, 0x0000000086200000|  0%| F|  |TAMS 0x0000000086100000, 0x0000000086100000| Untracked 
|  28|0x0000000086200000, 0x0000000086200000, 0x0000000086300000|  0%| F|  |TAMS 0x0000000086200000, 0x0000000086200000| Untracked 
|  29|0x0000000086300000, 0x0000000086300000, 0x0000000086400000|  0%| F|  |TAMS 0x0000000086300000, 0x0000000086300000| Untracked 
|  30|0x0000000086400000, 0x0000000086400000, 0x0000000086500000|  0%| F|  |TAMS 0x0000000086400000, 0x0000000086400000| Untracked 
|  31|0x0000000086500000, 0x0000000086500000, 0x0000000086600000|  0%| F|  |TAMS 0x0000000086500000, 0x0000000086500000| Untracked 
|  32|0x0000000086600000, 0x0000000086600000, 0x0000000086700000|  0%| F|  |TAMS 0x0000000086600000, 0x0000000086600000| Untracked 
|  33|0x0000000086700000, 0x0000000086700000, 0x0000000086800000|  0%| F|  |TAMS 0x0000000086700000, 0x0000000086700000| Untracked 
|  34|0x0000000086800000, 0x0000000086800000, 0x0000000086900000|  0%| F|  |TAMS 0x0000000086800000, 0x0000000086800000| Untracked 
|  35|0x0000000086900000, 0x0000000086900000, 0x0000000086a00000|  0%| F|  |TAMS 0x0000000086900000, 0x0000000086900000| Untracked 
|  36|0x0000000086a00000, 0x0000000086a00000, 0x0000000086b00000|  0%| F|  |TAMS 0x0000000086a00000, 0x0000000086a00000| Untracked 
|  37|0x0000000086b00000, 0x0000000086b00000, 0x0000000086c00000|  0%| F|  |TAMS 0x0000000086b00000, 0x0000000086b00000| Untracked 
|  38|0x0000000086c00000, 0x0000000086c00000, 0x0000000086d00000|  0%| F|  |TAMS 0x0000000086c00000, 0x0000000086c00000| Untracked 
|  39|0x0000000086d00000, 0x0000000086d00000, 0x0000000086e00000|  0%| F|  |TAMS 0x0000000086d00000, 0x0000000086d00000| Untracked 
|  40|0x0000000086e00000, 0x0000000086e00000, 0x0000000086f00000|  0%| F|  |TAMS 0x0000000086e00000, 0x0000000086e00000| Untracked 
|  41|0x0000000086f00000, 0x0000000086f00000, 0x0000000087000000|  0%| F|  |TAMS 0x0000000086f00000, 0x0000000086f00000| Untracked 
|  42|0x0000000087000000, 0x0000000087000000, 0x0000000087100000|  0%| F|  |TAMS 0x0000000087000000, 0x0000000087000000| Untracked 
|  43|0x0000000087100000, 0x0000000087100000, 0x0000000087200000|  0%| F|  |TAMS 0x0000000087100000, 0x0000000087100000| Untracked 
|  44|0x0000000087200000, 0x0000000087200000, 0x0000000087300000|  0%| F|  |TAMS 0x0000000087200000, 0x0000000087200000| Untracked 
|  45|0x0000000087300000, 0x0000000087300000, 0x0000000087400000|  0%| F|  |TAMS 0x0000000087300000, 0x0000000087300000| Untracked 
|  46|0x0000000087400000, 0x0000000087400000, 0x0000000087500000|  0%| F|  |TAMS 0x0000000087400000, 0x0000000087400000| Untracked 
|  47|0x0000000087500000, 0x0000000087500000, 0x0000000087600000|  0%| F|  |TAMS 0x0000000087500000, 0x0000000087500000| Untracked 
|  48|0x0000000087600000, 0x0000000087600000, 0x0000000087700000|  0%| F|  |TAMS 0x0000000087600000, 0x0000000087600000| Untracked 
|  49|0x0000000087700000, 0x0000000087700000, 0x0000000087800000|  0%| F|  |TAMS 0x0000000087700000, 0x0000000087700000| Untracked 
|  50|0x0000000087800000, 0x0000000087800000, 0x0000000087900000|  0%| F|  |TAMS 0x0000000087800000, 0x0000000087800000| Untracked 
|  51|0x0000000087900000, 0x0000000087900000, 0x0000000087a00000|  0%| F|  |TAMS 0x0000000087900000, 0x0000000087900000| Untracked 
|  52|0x0000000087a00000, 0x0000000087a00000, 0x0000000087b00000|  0%| F|  |TAMS 0x0000000087a00000, 0x0000000087a00000| Untracked 
|  53|0x0000000087b00000, 0x0000000087b00000, 0x0000000087c00000|  0%| F|  |TAMS 0x0000000087b00000, 0x0000000087b00000| Untracked 
|  54|0x0000000087c00000, 0x0000000087c00000, 0x0000000087d00000|  0%| F|  |TAMS 0x0000000087c00000, 0x0000000087c00000| Untracked 
|  55|0x0000000087d00000, 0x0000000087d00000, 0x0000000087e00000|  0%| F|  |TAMS 0x0000000087d00000, 0x0000000087d00000| Untracked 
|  56|0x0000000087e00000, 0x0000000087e00000, 0x0000000087f00000|  0%| F|  |TAMS 0x0000000087e00000, 0x0000000087e00000| Untracked 
|  57|0x0000000087f00000, 0x0000000087f00000, 0x0000000088000000|  0%| F|  |TAMS 0x0000000087f00000, 0x0000000087f00000| Untracked 
|  58|0x0000000088000000, 0x0000000088000000, 0x0000000088100000|  0%| F|  |TAMS 0x0000000088000000, 0x0000000088000000| Untracked 
|  59|0x0000000088100000, 0x0000000088100000, 0x0000000088200000|  0%| F|  |TAMS 0x0000000088100000, 0x0000000088100000| Untracked 
|  60|0x0000000088200000, 0x0000000088200000, 0x0000000088300000|  0%| F|  |TAMS 0x0000000088200000, 0x0000000088200000| Untracked 
|  61|0x0000000088300000, 0x0000000088300000, 0x0000000088400000|  0%| F|  |TAMS 0x0000000088300000, 0x0000000088300000| Untracked 
|  62|0x0000000088400000, 0x0000000088400000, 0x0000000088500000|  0%| F|  |TAMS 0x0000000088400000, 0x0000000088400000| Untracked 
|  63|0x0000000088500000, 0x0000000088500000, 0x0000000088600000|  0%| F|  |TAMS 0x0000000088500000, 0x0000000088500000| Untracked 
|  64|0x0000000088600000, 0x0000000088600000, 0x0000000088700000|  0%| F|  |TAMS 0x0000000088600000, 0x0000000088600000| Untracked 
|  65|0x0000000088700000, 0x0000000088700000, 0x0000000088800000|  0%| F|  |TAMS 0x0000000088700000, 0x0000000088700000| Untracked 
|  66|0x0000000088800000, 0x0000000088900000, 0x0000000088900000|100%| S|CS|TAMS 0x0000000088800000, 0x0000000088800000| Complete 
|  67|0x0000000088900000, 0x0000000088a00000, 0x0000000088a00000|100%| S|CS|TAMS 0x0000000088900000, 0x0000000088900000| Complete 
|  68|0x0000000088a00000, 0x0000000088b00000, 0x0000000088b00000|100%| S|CS|TAMS 0x0000000088a00000, 0x0000000088a00000| Complete 
|  69|0x0000000088b00000, 0x0000000088c00000, 0x0000000088c00000|100%| S|CS|TAMS 0x0000000088b00000, 0x0000000088b00000| Complete 
|  70|0x0000000088c00000, 0x0000000088d00000, 0x0000000088d00000|100%| S|CS|TAMS 0x0000000088c00000, 0x0000000088c00000| Complete 
|  71|0x0000000088d00000, 0x0000000088e00000, 0x0000000088e00000|100%| S|CS|TAMS 0x0000000088d00000, 0x0000000088d00000| Complete 
|  72|0x0000000088e00000, 0x0000000088f00000, 0x0000000088f00000|100%| S|CS|TAMS 0x0000000088e00000, 0x0000000088e00000| Complete 
|  73|0x0000000088f00000, 0x0000000088f00000, 0x0000000089000000|  0%| F|  |TAMS 0x0000000088f00000, 0x0000000088f00000| Untracked 
|  74|0x0000000089000000, 0x0000000089000000, 0x0000000089100000|  0%| F|  |TAMS 0x0000000089000000, 0x0000000089000000| Untracked 
|  75|0x0000000089100000, 0x0000000089100000, 0x0000000089200000|  0%| F|  |TAMS 0x0000000089100000, 0x0000000089100000| Untracked 
|  76|0x0000000089200000, 0x0000000089200000, 0x0000000089300000|  0%| F|  |TAMS 0x0000000089200000, 0x0000000089200000| Untracked 
|  77|0x0000000089300000, 0x0000000089300000, 0x0000000089400000|  0%| F|  |TAMS 0x0000000089300000, 0x0000000089300000| Untracked 
|  78|0x0000000089400000, 0x0000000089400000, 0x0000000089500000|  0%| F|  |TAMS 0x0000000089400000, 0x0000000089400000| Untracked 
|  79|0x0000000089500000, 0x0000000089500000, 0x0000000089600000|  0%| F|  |TAMS 0x0000000089500000, 0x0000000089500000| Untracked 
|  80|0x0000000089600000, 0x0000000089600000, 0x0000000089700000|  0%| F|  |TAMS 0x0000000089600000, 0x0000000089600000| Untracked 
|  81|0x0000000089700000, 0x0000000089700000, 0x0000000089800000|  0%| F|  |TAMS 0x0000000089700000, 0x0000000089700000| Untracked 
|  82|0x0000000089800000, 0x0000000089800000, 0x0000000089900000|  0%| F|  |TAMS 0x0000000089800000, 0x0000000089800000| Untracked 
|  83|0x0000000089900000, 0x0000000089900000, 0x0000000089a00000|  0%| F|  |TAMS 0x0000000089900000, 0x0000000089900000| Untracked 
|  84|0x0000000089a00000, 0x0000000089a00000, 0x0000000089b00000|  0%| F|  |TAMS 0x0000000089a00000, 0x0000000089a00000| Untracked 
|  85|0x0000000089b00000, 0x0000000089b00000, 0x0000000089c00000|  0%| F|  |TAMS 0x0000000089b00000, 0x0000000089b00000| Untracked 
|  86|0x0000000089c00000, 0x0000000089c00000, 0x0000000089d00000|  0%| F|  |TAMS 0x0000000089c00000, 0x0000000089c00000| Untracked 
|  87|0x0000000089d00000, 0x0000000089d00000, 0x0000000089e00000|  0%| F|  |TAMS 0x0000000089d00000, 0x0000000089d00000| Untracked 
|  88|0x0000000089e00000, 0x0000000089e00000, 0x0000000089f00000|  0%| F|  |TAMS 0x0000000089e00000, 0x0000000089e00000| Untracked 
|  89|0x0000000089f00000, 0x0000000089f00000, 0x000000008a000000|  0%| F|  |TAMS 0x0000000089f00000, 0x0000000089f00000| Untracked 
|  90|0x000000008a000000, 0x000000008a000000, 0x000000008a100000|  0%| F|  |TAMS 0x000000008a000000, 0x000000008a000000| Untracked 
|  91|0x000000008a100000, 0x000000008a100000, 0x000000008a200000|  0%| F|  |TAMS 0x000000008a100000, 0x000000008a100000| Untracked 
|  92|0x000000008a200000, 0x000000008a200000, 0x000000008a300000|  0%| F|  |TAMS 0x000000008a200000, 0x000000008a200000| Untracked 
|  93|0x000000008a300000, 0x000000008a300000, 0x000000008a400000|  0%| F|  |TAMS 0x000000008a300000, 0x000000008a300000| Untracked 
|  94|0x000000008a400000, 0x000000008a400000, 0x000000008a500000|  0%| F|  |TAMS 0x000000008a400000, 0x000000008a400000| Untracked 
|  95|0x000000008a500000, 0x000000008a500000, 0x000000008a600000|  0%| F|  |TAMS 0x000000008a500000, 0x000000008a500000| Untracked 
|  96|0x000000008a600000, 0x000000008a600000, 0x000000008a700000|  0%| F|  |TAMS 0x000000008a600000, 0x000000008a600000| Untracked 
|  97|0x000000008a700000, 0x000000008a700000, 0x000000008a800000|  0%| F|  |TAMS 0x000000008a700000, 0x000000008a700000| Untracked 
|  98|0x000000008a800000, 0x000000008a800000, 0x000000008a900000|  0%| F|  |TAMS 0x000000008a800000, 0x000000008a800000| Untracked 
|  99|0x000000008a900000, 0x000000008a900000, 0x000000008aa00000|  0%| F|  |TAMS 0x000000008a900000, 0x000000008a900000| Untracked 
| 100|0x000000008aa00000, 0x000000008aa00000, 0x000000008ab00000|  0%| F|  |TAMS 0x000000008aa00000, 0x000000008aa00000| Untracked 
| 101|0x000000008ab00000, 0x000000008ab00000, 0x000000008ac00000|  0%| F|  |TAMS 0x000000008ab00000, 0x000000008ab00000| Untracked 
| 102|0x000000008ac00000, 0x000000008ac00000, 0x000000008ad00000|  0%| F|  |TAMS 0x000000008ac00000, 0x000000008ac00000| Untracked 
| 103|0x000000008ad00000, 0x000000008ad00000, 0x000000008ae00000|  0%| F|  |TAMS 0x000000008ad00000, 0x000000008ad00000| Untracked 
| 104|0x000000008ae00000, 0x000000008ae00000, 0x000000008af00000|  0%| F|  |TAMS 0x000000008ae00000, 0x000000008ae00000| Untracked 
| 105|0x000000008af00000, 0x000000008af00000, 0x000000008b000000|  0%| F|  |TAMS 0x000000008af00000, 0x000000008af00000| Untracked 
| 106|0x000000008b000000, 0x000000008b000000, 0x000000008b100000|  0%| F|  |TAMS 0x000000008b000000, 0x000000008b000000| Untracked 
| 107|0x000000008b100000, 0x000000008b100000, 0x000000008b200000|  0%| F|  |TAMS 0x000000008b100000, 0x000000008b100000| Untracked 
| 108|0x000000008b200000, 0x000000008b200000, 0x000000008b300000|  0%| F|  |TAMS 0x000000008b200000, 0x000000008b200000| Untracked 
| 109|0x000000008b300000, 0x000000008b300000, 0x000000008b400000|  0%| F|  |TAMS 0x000000008b300000, 0x000000008b300000| Untracked 
| 110|0x000000008b400000, 0x000000008b400000, 0x000000008b500000|  0%| F|  |TAMS 0x000000008b400000, 0x000000008b400000| Untracked 
| 111|0x000000008b500000, 0x000000008b500000, 0x000000008b600000|  0%| F|  |TAMS 0x000000008b500000, 0x000000008b500000| Untracked 
| 112|0x000000008b600000, 0x000000008b600000, 0x000000008b700000|  0%| F|  |TAMS 0x000000008b600000, 0x000000008b600000| Untracked 
| 113|0x000000008b700000, 0x000000008b700000, 0x000000008b800000|  0%| F|  |TAMS 0x000000008b700000, 0x000000008b700000| Untracked 
| 114|0x000000008b800000, 0x000000008b800000, 0x000000008b900000|  0%| F|  |TAMS 0x000000008b800000, 0x000000008b800000| Untracked 
| 115|0x000000008b900000, 0x000000008b900000, 0x000000008ba00000|  0%| F|  |TAMS 0x000000008b900000, 0x000000008b900000| Untracked 
| 116|0x000000008ba00000, 0x000000008ba00000, 0x000000008bb00000|  0%| F|  |TAMS 0x000000008ba00000, 0x000000008ba00000| Untracked 
| 117|0x000000008bb00000, 0x000000008bb00000, 0x000000008bc00000|  0%| F|  |TAMS 0x000000008bb00000, 0x000000008bb00000| Untracked 
| 118|0x000000008bc00000, 0x000000008bc00000, 0x000000008bd00000|  0%| F|  |TAMS 0x000000008bc00000, 0x000000008bc00000| Untracked 
| 119|0x000000008bd00000, 0x000000008bd00000, 0x000000008be00000|  0%| F|  |TAMS 0x000000008bd00000, 0x000000008bd00000| Untracked 
| 120|0x000000008be00000, 0x000000008be00000, 0x000000008bf00000|  0%| F|  |TAMS 0x000000008be00000, 0x000000008be00000| Untracked 
| 121|0x000000008bf00000, 0x000000008bf00000, 0x000000008c000000|  0%| F|  |TAMS 0x000000008bf00000, 0x000000008bf00000| Untracked 
| 122|0x000000008c000000, 0x000000008c000000, 0x000000008c100000|  0%| F|  |TAMS 0x000000008c000000, 0x000000008c000000| Untracked 
| 123|0x000000008c100000, 0x000000008c100000, 0x000000008c200000|  0%| F|  |TAMS 0x000000008c100000, 0x000000008c100000| Untracked 
| 124|0x000000008c200000, 0x000000008c200000, 0x000000008c300000|  0%| F|  |TAMS 0x000000008c200000, 0x000000008c200000| Untracked 
| 125|0x000000008c300000, 0x000000008c300000, 0x000000008c400000|  0%| F|  |TAMS 0x000000008c300000, 0x000000008c300000| Untracked 
| 126|0x000000008c400000, 0x000000008c400000, 0x000000008c500000|  0%| F|  |TAMS 0x000000008c400000, 0x000000008c400000| Untracked 
| 127|0x000000008c500000, 0x000000008c500000, 0x000000008c600000|  0%| F|  |TAMS 0x000000008c500000, 0x000000008c500000| Untracked 
| 128|0x000000008c600000, 0x000000008c600000, 0x000000008c700000|  0%| F|  |TAMS 0x000000008c600000, 0x000000008c600000| Untracked 
| 129|0x000000008c700000, 0x000000008c700000, 0x000000008c800000|  0%| F|  |TAMS 0x000000008c700000, 0x000000008c700000| Untracked 
| 130|0x000000008c800000, 0x000000008c800000, 0x000000008c900000|  0%| F|  |TAMS 0x000000008c800000, 0x000000008c800000| Untracked 
| 131|0x000000008c900000, 0x000000008c900000, 0x000000008ca00000|  0%| F|  |TAMS 0x000000008c900000, 0x000000008c900000| Untracked 
| 132|0x000000008ca00000, 0x000000008ca00000, 0x000000008cb00000|  0%| F|  |TAMS 0x000000008ca00000, 0x000000008ca00000| Untracked 
| 133|0x000000008cb00000, 0x000000008cb00000, 0x000000008cc00000|  0%| F|  |TAMS 0x000000008cb00000, 0x000000008cb00000| Untracked 
| 134|0x000000008cc00000, 0x000000008cc00000, 0x000000008cd00000|  0%| F|  |TAMS 0x000000008cc00000, 0x000000008cc00000| Untracked 
| 135|0x000000008cd00000, 0x000000008cd00000, 0x000000008ce00000|  0%| F|  |TAMS 0x000000008cd00000, 0x000000008cd00000| Untracked 
| 136|0x000000008ce00000, 0x000000008ce00000, 0x000000008cf00000|  0%| F|  |TAMS 0x000000008ce00000, 0x000000008ce00000| Untracked 
| 137|0x000000008cf00000, 0x000000008cf00000, 0x000000008d000000|  0%| F|  |TAMS 0x000000008cf00000, 0x000000008cf00000| Untracked 
| 138|0x000000008d000000, 0x000000008d000000, 0x000000008d100000|  0%| F|  |TAMS 0x000000008d000000, 0x000000008d000000| Untracked 
| 139|0x000000008d100000, 0x000000008d100000, 0x000000008d200000|  0%| F|  |TAMS 0x000000008d100000, 0x000000008d100000| Untracked 
| 140|0x000000008d200000, 0x000000008d200000, 0x000000008d300000|  0%| F|  |TAMS 0x000000008d200000, 0x000000008d200000| Untracked 
| 141|0x000000008d300000, 0x000000008d300000, 0x000000008d400000|  0%| F|  |TAMS 0x000000008d300000, 0x000000008d300000| Untracked 
| 142|0x000000008d400000, 0x000000008d400000, 0x000000008d500000|  0%| F|  |TAMS 0x000000008d400000, 0x000000008d400000| Untracked 
| 143|0x000000008d500000, 0x000000008d500000, 0x000000008d600000|  0%| F|  |TAMS 0x000000008d500000, 0x000000008d500000| Untracked 
| 144|0x000000008d600000, 0x000000008d600000, 0x000000008d700000|  0%| F|  |TAMS 0x000000008d600000, 0x000000008d600000| Untracked 
| 145|0x000000008d700000, 0x000000008d700000, 0x000000008d800000|  0%| F|  |TAMS 0x000000008d700000, 0x000000008d700000| Untracked 
| 146|0x000000008d800000, 0x000000008d800000, 0x000000008d900000|  0%| F|  |TAMS 0x000000008d800000, 0x000000008d800000| Untracked 
| 147|0x000000008d900000, 0x000000008d900000, 0x000000008da00000|  0%| F|  |TAMS 0x000000008d900000, 0x000000008d900000| Untracked 
| 148|0x000000008da00000, 0x000000008da00000, 0x000000008db00000|  0%| F|  |TAMS 0x000000008da00000, 0x000000008da00000| Untracked 
| 149|0x000000008db00000, 0x000000008db00000, 0x000000008dc00000|  0%| F|  |TAMS 0x000000008db00000, 0x000000008db00000| Untracked 
| 150|0x000000008dc00000, 0x000000008dc00000, 0x000000008dd00000|  0%| F|  |TAMS 0x000000008dc00000, 0x000000008dc00000| Untracked 
| 151|0x000000008dd00000, 0x000000008dd00000, 0x000000008de00000|  0%| F|  |TAMS 0x000000008dd00000, 0x000000008dd00000| Untracked 
| 152|0x000000008de00000, 0x000000008de00000, 0x000000008df00000|  0%| F|  |TAMS 0x000000008de00000, 0x000000008de00000| Untracked 
| 153|0x000000008df00000, 0x000000008df00000, 0x000000008e000000|  0%| F|  |TAMS 0x000000008df00000, 0x000000008df00000| Untracked 
| 154|0x000000008e000000, 0x000000008e000000, 0x000000008e100000|  0%| F|  |TAMS 0x000000008e000000, 0x000000008e000000| Untracked 
| 155|0x000000008e100000, 0x000000008e100000, 0x000000008e200000|  0%| F|  |TAMS 0x000000008e100000, 0x000000008e100000| Untracked 
| 156|0x000000008e200000, 0x000000008e200000, 0x000000008e300000|  0%| F|  |TAMS 0x000000008e200000, 0x000000008e200000| Untracked 
| 157|0x000000008e300000, 0x000000008e300000, 0x000000008e400000|  0%| F|  |TAMS 0x000000008e300000, 0x000000008e300000| Untracked 
| 158|0x000000008e400000, 0x000000008e400000, 0x000000008e500000|  0%| F|  |TAMS 0x000000008e400000, 0x000000008e400000| Untracked 
| 159|0x000000008e500000, 0x000000008e500000, 0x000000008e600000|  0%| F|  |TAMS 0x000000008e500000, 0x000000008e500000| Untracked 
| 160|0x000000008e600000, 0x000000008e600000, 0x000000008e700000|  0%| F|  |TAMS 0x000000008e600000, 0x000000008e600000| Untracked 
| 161|0x000000008e700000, 0x000000008e781180, 0x000000008e800000| 50%| E|  |TAMS 0x000000008e700000, 0x000000008e700000| Complete 
| 162|0x000000008e800000, 0x000000008e900000, 0x000000008e900000|100%| E|CS|TAMS 0x000000008e800000, 0x000000008e800000| Complete 
| 163|0x000000008e900000, 0x000000008ea00000, 0x000000008ea00000|100%| E|CS|TAMS 0x000000008e900000, 0x000000008e900000| Complete 
| 164|0x000000008ea00000, 0x000000008eb00000, 0x000000008eb00000|100%| E|CS|TAMS 0x000000008ea00000, 0x000000008ea00000| Complete 
| 165|0x000000008eb00000, 0x000000008ec00000, 0x000000008ec00000|100%| E|CS|TAMS 0x000000008eb00000, 0x000000008eb00000| Complete 
| 166|0x000000008ec00000, 0x000000008ed00000, 0x000000008ed00000|100%| E|CS|TAMS 0x000000008ec00000, 0x000000008ec00000| Complete 
| 167|0x000000008ed00000, 0x000000008ee00000, 0x000000008ee00000|100%| E|CS|TAMS 0x000000008ed00000, 0x000000008ed00000| Complete 
| 168|0x000000008ee00000, 0x000000008ef00000, 0x000000008ef00000|100%| E|CS|TAMS 0x000000008ee00000, 0x000000008ee00000| Complete 

Card table byte_map: [0x000001f0ccdf0000,0x000001f0cd1d0000] _byte_map_base: 0x000001f0cc9cd000

Marking Bits (Prev, Next): (CMBitMap*) 0x000001f0b99eded8, (CMBitMap*) 0x000001f0b99edf10
 Prev Bits: [0x000001f0cd5b0000, 0x000001f0cf498000)
 Next Bits: [0x000001f0cf4a0000, 0x000001f0d1388000)

Polling page: 0x000001f0b7900000

Metaspace:

Usage:
  Non-class:     39.53 MB capacity,    39.21 MB (>99%) used,   267.05 KB ( <1%) free+waste,    65.19 KB ( <1%) overhead. 
      Class:      5.56 MB capacity,     5.33 MB ( 96%) used,   206.11 KB (  4%) free+waste,    28.94 KB ( <1%) overhead. 
       Both:     45.10 MB capacity,    44.54 MB ( 99%) used,   473.16 KB (  1%) free+waste,    94.13 KB ( <1%) overhead. 

Virtual space:
  Non-class space:       40.00 MB reserved,      39.67 MB (>99%) committed 
      Class space:        1.00 GB reserved,       5.63 MB ( <1%) committed 
             Both:        1.04 GB reserved,      45.30 MB (  4%) committed 

Chunk freelists:
   Non-Class:  16.00 KB
       Class:  30.00 KB
        Both:  46.00 KB

MaxMetaspaceSize: 17179869184.00 GB
CompressedClassSpaceSize: 1.00 GB
Initial GC threshold: 20.80 MB
Current GC threshold: 59.00 MB
CDS: off

CodeHeap 'non-profiled nmethods': size=120000Kb used=1455Kb max_used=1455Kb free=118544Kb
 bounds [0x000001f0c4f90000, 0x000001f0c5200000, 0x000001f0cc4c0000]
CodeHeap 'profiled nmethods': size=120000Kb used=6923Kb max_used=6923Kb free=113077Kb
 bounds [0x000001f0bda60000, 0x000001f0be130000, 0x000001f0c4f90000]
CodeHeap 'non-nmethods': size=5760Kb used=1272Kb max_used=1330Kb free=4487Kb
 bounds [0x000001f0bd4c0000, 0x000001f0bd730000, 0x000001f0bda60000]
 total_blobs=3814 nmethods=3266 adapters=460
 compilation: enabled
              stopped_count=0, restarted_count=0
 full_count=0

Compilation events (20 events):
Event: 2.316 Thread 0x000001f0d495e000 3259       3       org.jetbrains.kotlin.name.Name::identifier (18 bytes)
Event: 2.316 Thread 0x000001f0d495e000 nmethod 3259 0x000001f0be11a510 code [0x000001f0be11a700, 0x000001f0be11aa58]
Event: 2.323 Thread 0x000001f0d495e000 3260   !   3       java.lang.invoke.MethodHandleNatives::linkMethodHandleConstant (50 bytes)
Event: 2.324 Thread 0x000001f0d495e000 nmethod 3260 0x000001f0be11ab90 code [0x000001f0be11ad60, 0x000001f0be11af48]
Event: 2.324 Thread 0x000001f0d495e000 3261       3       java.lang.invoke.MethodHandles$Lookup::linkMethodHandleConstant (220 bytes)
Event: 2.325 Thread 0x000001f0d495e000 nmethod 3261 0x000001f0be11b110 code [0x000001f0be11b500, 0x000001f0be11d098]
Event: 2.328 Thread 0x000001f0d495e000 3262       1       gnu.trove.THash::size (5 bytes)
Event: 2.328 Thread 0x000001f0d495e000 nmethod 3262 0x000001f0c50fb590 code [0x000001f0c50fb740, 0x000001f0c50fb7f8]
Event: 2.333 Thread 0x000001f0d495e000 3263       1       kotlin.ranges.IntProgressionIterator::hasNext (5 bytes)
Event: 2.334 Thread 0x000001f0d495e000 nmethod 3263 0x000001f0c50fb890 code [0x000001f0c50fba40, 0x000001f0c50fbaf8]
Event: 2.334 Thread 0x000001f0d495e000 3264       3       gnu.trove.THash::computeMaxSize (38 bytes)
Event: 2.334 Thread 0x000001f0d495e000 nmethod 3264 0x000001f0be11d910 code [0x000001f0be11dae0, 0x000001f0be11dd98]
Event: 2.334 Thread 0x000001f0d495e000 3265       1       org.jetbrains.kotlin.cli.jvm.index.JavaRoot::getFile (5 bytes)
Event: 2.334 Thread 0x000001f0d495e000 nmethod 3265 0x000001f0c50fbb90 code [0x000001f0c50fbd40, 0x000001f0c50fbdf8]
Event: 2.334 Thread 0x000001f0d495e000 3266       3       org.jetbrains.kotlin.com.intellij.openapi.vfs.VirtualFile::nameEquals (18 bytes)
Event: 2.335 Thread 0x000001f0d495e000 nmethod 3266 0x000001f0be11de90 code [0x000001f0be11e080, 0x000001f0be11e348]
Event: 2.335 Thread 0x000001f0d495e000 3267       3       org.jetbrains.kotlin.com.intellij.openapi.util.Comparing::equal (7 bytes)
Event: 2.335 Thread 0x000001f0d495e000 nmethod 3267 0x000001f0be11e490 code [0x000001f0be11e640, 0x000001f0be11e748]
Event: 2.338 Thread 0x000001f0d495e000 3268       3       org.jetbrains.kotlin.com.intellij.psi.impl.source.SubstrateRef$2::getNode (13 bytes)
Event: 2.338 Thread 0x000001f0d495e000 nmethod 3268 0x000001f0be11e810 code [0x000001f0be11e9c0, 0x000001f0be11eb48]

GC Heap History (10 events):
Event: 0.426 GC heap before
{Heap before GC invocations=0 (full 0):
 garbage-first heap   total 126976K, used 27648K [0x0000000084600000, 0x0000000100000000)
  region size 1024K, 24 young (24576K), 0 survivors (0K)
 Metaspace       used 12298K, capacity 12394K, committed 12416K, reserved 1060864K
  class space    used 1121K, capacity 1149K, committed 1152K, reserved 1048576K
}
Event: 0.430 GC heap after
{Heap after GC invocations=1 (full 0):
 garbage-first heap   total 126976K, used 6438K [0x0000000084600000, 0x0000000100000000)
  region size 1024K, 3 young (3072K), 3 survivors (3072K)
 Metaspace       used 12298K, capacity 12394K, committed 12416K, reserved 1060864K
  class space    used 1121K, capacity 1149K, committed 1152K, reserved 1048576K
}
Event: 0.889 GC heap before
{Heap before GC invocations=1 (full 0):
 garbage-first heap   total 126976K, used 42278K [0x0000000084600000, 0x0000000100000000)
  region size 1024K, 39 young (39936K), 3 survivors (3072K)
 Metaspace       used 20840K, capacity 21112K, committed 21296K, reserved 1069056K
  class space    used 2256K, capacity 2338K, committed 2432K, reserved 1048576K
}
Event: 0.901 GC heap after
{Heap after GC invocations=2 (full 0):
 garbage-first heap   total 126976K, used 9853K [0x0000000084600000, 0x0000000100000000)
  region size 1024K, 7 young (7168K), 7 survivors (7168K)
 Metaspace       used 20840K, capacity 21112K, committed 21296K, reserved 1069056K
  class space    used 2256K, capacity 2338K, committed 2432K, reserved 1048576K
}
Event: 1.489 GC heap before
{Heap before GC invocations=3 (full 0):
 garbage-first heap   total 126976K, used 61053K [0x0000000084600000, 0x0000000100000000)
  region size 1024K, 52 young (53248K), 7 survivors (7168K)
 Metaspace       used 31706K, capacity 32163K, committed 32432K, reserved 1077248K
  class space    used 3815K, capacity 4001K, committed 4096K, reserved 1048576K
}
Event: 1.508 GC heap after
{Heap after GC invocations=4 (full 0):
 garbage-first heap   total 126976K, used 20216K [0x0000000084600000, 0x0000000100000000)
  region size 1024K, 7 young (7168K), 7 survivors (7168K)
 Metaspace       used 31706K, capacity 32163K, committed 32432K, reserved 1077248K
  class space    used 3815K, capacity 4001K, committed 4096K, reserved 1048576K
}
Event: 1.693 GC heap before
{Heap before GC invocations=4 (full 0):
 garbage-first heap   total 126976K, used 35576K [0x0000000084600000, 0x0000000100000000)
  region size 1024K, 23 young (23552K), 7 survivors (7168K)
 Metaspace       used 35218K, capacity 35698K, committed 35920K, reserved 1081344K
  class space    used 4403K, capacity 4580K, committed 4608K, reserved 1048576K
}
Event: 1.707 GC heap after
{Heap after GC invocations=5 (full 0):
 garbage-first heap   total 126976K, used 22258K [0x0000000084600000, 0x0000000100000000)
  region size 1024K, 6 young (6144K), 6 survivors (6144K)
 Metaspace       used 35218K, capacity 35698K, committed 35920K, reserved 1081344K
  class space    used 4403K, capacity 4580K, committed 4608K, reserved 1048576K
}
Event: 2.190 GC heap before
{Heap before GC invocations=6 (full 0):
 garbage-first heap   total 126976K, used 68338K [0x0000000084600000, 0x0000000100000000)
  region size 1024K, 51 young (52224K), 6 survivors (6144K)
 Metaspace       used 43265K, capacity 43811K, committed 44080K, reserved 1087488K
  class space    used 5211K, capacity 5426K, committed 5504K, reserved 1048576K
}
Event: 2.204 GC heap after
{Heap after GC invocations=7 (full 0):
 garbage-first heap   total 173056K, used 25408K [0x0000000084600000, 0x0000000100000000)
  region size 1024K, 7 young (7168K), 7 survivors (7168K)
 Metaspace       used 43265K, capacity 43811K, committed 44080K, reserved 1087488K
  class space    used 5211K, capacity 5426K, committed 5504K, reserved 1048576K
}

Deoptimization events (20 events):
Event: 2.225 Thread 0x000001f0b99af000 Uncommon trap: trap_request=0xffffffde fr.pc=0x000001f0c501c4cc relative=0x000000000000008c
Event: 2.225 Thread 0x000001f0b99af000 Uncommon trap: reason=class_check action=maybe_recompile pc=0x000001f0c501c4cc method=java.lang.Character.codePointAt(Ljava/lang/CharSequence;I)I @ 2 c2
Event: 2.225 Thread 0x000001f0b99af000 DEOPT PACKING pc=0x000001f0c501c4cc sp=0x000000e3d94fdca0
Event: 2.225 Thread 0x000001f0b99af000 DEOPT UNPACKING pc=0x000001f0bd50a1af sp=0x000000e3d94fdc38 mode 2
Event: 2.225 Thread 0x000001f0b99af000 Uncommon trap: trap_request=0xffffffde fr.pc=0x000001f0c501c4cc relative=0x000000000000008c
Event: 2.225 Thread 0x000001f0b99af000 Uncommon trap: reason=class_check action=maybe_recompile pc=0x000001f0c501c4cc method=java.lang.Character.codePointAt(Ljava/lang/CharSequence;I)I @ 2 c2
Event: 2.225 Thread 0x000001f0b99af000 DEOPT PACKING pc=0x000001f0c501c4cc sp=0x000000e3d94fdca0
Event: 2.225 Thread 0x000001f0b99af000 DEOPT UNPACKING pc=0x000001f0bd50a1af sp=0x000000e3d94fdc38 mode 2
Event: 2.225 Thread 0x000001f0b99af000 Uncommon trap: trap_request=0xffffffde fr.pc=0x000001f0c501c4cc relative=0x000000000000008c
Event: 2.225 Thread 0x000001f0b99af000 Uncommon trap: reason=class_check action=maybe_recompile pc=0x000001f0c501c4cc method=java.lang.Character.codePointAt(Ljava/lang/CharSequence;I)I @ 2 c2
Event: 2.225 Thread 0x000001f0b99af000 DEOPT PACKING pc=0x000001f0c501c4cc sp=0x000000e3d94fdca0
Event: 2.225 Thread 0x000001f0b99af000 DEOPT UNPACKING pc=0x000001f0bd50a1af sp=0x000000e3d94fdc38 mode 2
Event: 2.293 Thread 0x000001f0b99af000 Uncommon trap: trap_request=0xffffff4d fr.pc=0x000001f0c50f4958 relative=0x00000000000002f8
Event: 2.293 Thread 0x000001f0b99af000 Uncommon trap: reason=unstable_if action=reinterpret pc=0x000001f0c50f4958 method=org.jetbrains.kotlin.com.intellij.lang.impl.PsiBuilderImpl.whitespaceOrComment(Lorg/jetbrains/kotlin/com/intellij/psi/tree/IElementType;)Z @ 19 c2
Event: 2.293 Thread 0x000001f0b99af000 DEOPT PACKING pc=0x000001f0c50f4958 sp=0x000000e3d94fd540
Event: 2.293 Thread 0x000001f0b99af000 DEOPT UNPACKING pc=0x000001f0bd50a1af sp=0x000000e3d94fd3a0 mode 2
Event: 2.294 Thread 0x000001f0b99af000 Uncommon trap: trap_request=0xffffff4d fr.pc=0x000001f0c50f92e8 relative=0x0000000000000a68
Event: 2.294 Thread 0x000001f0b99af000 Uncommon trap: reason=unstable_if action=reinterpret pc=0x000001f0c50f92e8 method=org.jetbrains.kotlin.com.intellij.util.text.ImmutableText.charAt(I)C @ 6 c2
Event: 2.294 Thread 0x000001f0b99af000 DEOPT PACKING pc=0x000001f0c50f92e8 sp=0x000000e3d94fd690
Event: 2.294 Thread 0x000001f0b99af000 DEOPT UNPACKING pc=0x000001f0bd50a1af sp=0x000000e3d94fd528 mode 2

Classes redefined (0 events):
No events

Internal exceptions (20 events):
Event: 0.720 Thread 0x000001f0b99af000 Exception <a 'java/lang/NoSuchMethodError'{0x000000008aa8d9c8}: 'int java.lang.invoke.DelegatingMethodHandle$Holder.reinvoke_L(java.lang.Object, java.lang.Object, java.lang.Object, long, int)'> (0x000000008aa8d9c8) thrown at [./src/hotspot/share/interpreter/linkResolver.cpp, line 773]
Event: 0.796 Thread 0x000001f0b99af000 Exception <a 'java/lang/NoSuchMethodError'{0x000000008a3f9340}: 'int java.lang.invoke.DirectMethodHandle$Holder.invokeSpecialIFC(java.lang.Object, java.lang.Object, int)'> (0x000000008a3f9340) thrown at [./src/hotspot/share/interpreter/linkResolver.cpp, line 773]
Event: 0.939 Thread 0x000001f0b99af000 Exception <a 'java/lang/NoSuchMethodError'{0x000000008be477d8}: 'java.lang.Object java.lang.invoke.DirectMethodHandle$Holder.invokeStaticInit(java.lang.Object, int)'> (0x000000008be477d8) thrown at [./src/hotspot/share/interpreter/linkResolver.cpp, line 773]
Event: 0.960 Thread 0x000001f0b99af000 Exception <a 'java/lang/NoSuchMethodError'{0x000000008bc147d0}: 'long java.lang.invoke.DirectMethodHandle$Holder.invokeStatic(java.lang.Object)'> (0x000000008bc147d0) thrown at [./src/hotspot/share/interpreter/linkResolver.cpp, line 773]
Event: 0.960 Thread 0x000001f0b99af000 Exception <a 'java/lang/NoSuchMethodError'{0x000000008bc17628}: 'long java.lang.invoke.DirectMethodHandle$Holder.invokeStaticInit(java.lang.Object)'> (0x000000008bc17628) thrown at [./src/hotspot/share/interpreter/linkResolver.cpp, line 773]
Event: 0.998 Thread 0x000001f0b99af000 Exception <a 'java/lang/NoSuchMethodError'{0x000000008b9c3e38}: 'int java.lang.invoke.DirectMethodHandle$Holder.invokeStaticInit(java.lang.Object, java.lang.Object, java.lang.Object)'> (0x000000008b9c3e38) thrown at [./src/hotspot/share/interpreter/linkResolver.cpp, line 773]
Event: 1.001 Thread 0x000001f0b99af000 Exception <a 'java/lang/NoSuchMethodError'{0x000000008b9eeda8}: 'int java.lang.invoke.DirectMethodHandle$Holder.invokeStaticInit(java.lang.Object, java.lang.Object)'> (0x000000008b9eeda8) thrown at [./src/hotspot/share/interpreter/linkResolver.cpp, line 773]
Event: 1.032 Thread 0x000001f0b99af000 Exception <a 'java/lang/NoSuchMethodError'{0x000000008b605b68}: 'void java.lang.invoke.DirectMethodHandle$Holder.invokeSpecial(java.lang.Object, java.lang.Object)'> (0x000000008b605b68) thrown at [./src/hotspot/share/interpreter/linkResolver.cpp, line 773]
Event: 1.148 Thread 0x000001f0b99af000 Exception <a 'java/lang/NoSuchMethodError'{0x000000008ae6ba10}: 'java.lang.Object java.lang.invoke.DirectMethodHandle$Holder.invokeStatic(java.lang.Object, java.lang.Object, java.lang.Object, java.lang.Object, java.lang.Object, java.lang.Object, java.lang.Object, java.lang.Object, java.lang.Object, java.lang.Object, java.lang.Object, java.lang.Object, java.lang.Object, java.lang.Object, java.lang.Object)'> (0x000000008ae6ba10) thrown at [./src/hotspot/share/interpreter/linkResolver.cpp, line 773]
Event: 1.149 Thread 0x000001f0b99af000 Exception <a 'java/lang/NoSuchMethodError'{0x000000008ae79a18}: 'java.lang.Object java.lang.invoke.DirectMethodHandle$Holder.invokeStatic(java.lang.Object, java.lang.Object, java.lang.Object, java.lang.Object, java.lang.Object, java.lang.Object, java.lang.Object, java.lang.Object, java.lang.Object, java.lang.Object, java.lang.Object, java.lang.Object, java.lang.Object, java.lang.Object, java.lang.Object, java.lang.Object)'> (0x000000008ae79a18) thrown at [./src/hotspot/share/interpreter/linkResolver.cpp, l
Event: 1.150 Thread 0x000001f0b99af000 Exception <a 'java/lang/NoSuchMethodError'{0x000000008ae87b80}: 'java.lang.Object java.lang.invoke.DirectMethodHandle$Holder.invokeSpecial(java.lang.Object, java.lang.Object, int, int, java.lang.Object, java.lang.Object, java.lang.Object)'> (0x000000008ae87b80) thrown at [./src/hotspot/share/interpreter/linkResolver.cpp, line 773]
Event: 1.150 Thread 0x000001f0b99af000 Exception <a 'java/lang/NoSuchMethodError'{0x000000008ae8b3b8}: 'java.lang.Object java.lang.invoke.DelegatingMethodHandle$Holder.reinvoke_L(java.lang.Object, int, int, java.lang.Object, java.lang.Object, java.lang.Object)'> (0x000000008ae8b3b8) thrown at [./src/hotspot/share/interpreter/linkResolver.cpp, line 773]
Event: 1.151 Thread 0x000001f0b99af000 Exception <a 'java/lang/NoSuchMethodError'{0x000000008ae8f740}: 'java.lang.Object java.lang.invoke.DirectMethodHandle$Holder.invokeStatic(java.lang.Object, java.lang.Object, java.lang.Object, java.lang.Object, int)'> (0x000000008ae8f740) thrown at [./src/hotspot/share/interpreter/linkResolver.cpp, line 773]
Event: 1.178 Thread 0x000001f0b99af000 Exception <a 'java/lang/NoSuchMethodError'{0x000000008adb5680}: 'void java.lang.invoke.DirectMethodHandle$Holder.invokeStatic(java.lang.Object, java.lang.Object, java.lang.Object, java.lang.Object)'> (0x000000008adb5680) thrown at [./src/hotspot/share/interpreter/linkResolver.cpp, line 773]
Event: 1.219 Thread 0x000001f0b99af000 Exception <a 'java/lang/NoSuchMethodError'{0x000000008a99fac0}: 'void java.lang.invoke.DirectMethodHandle$Holder.invokeStaticInit(java.lang.Object, java.lang.Object)'> (0x000000008a99fac0) thrown at [./src/hotspot/share/interpreter/linkResolver.cpp, line 773]
Event: 1.272 Thread 0x000001f0b99af000 Exception <a 'java/lang/NoSuchMethodError'{0x000000008a4309f8}: 'void java.lang.invoke.DirectMethodHandle$Holder.invokeVirtual(java.lang.Object, java.lang.Object)'> (0x000000008a4309f8) thrown at [./src/hotspot/share/interpreter/linkResolver.cpp, line 773]
Event: 1.279 Thread 0x000001f0b99af000 Exception <a 'java/lang/NoSuchMethodError'{0x000000008a4c83a8}: 'int java.lang.invoke.DirectMethodHandle$Holder.invokeVirtual(java.lang.Object, java.lang.Object)'> (0x000000008a4c83a8) thrown at [./src/hotspot/share/interpreter/linkResolver.cpp, line 773]
Event: 1.790 Thread 0x000001f0b99af000 Exception <a 'java/lang/NoSuchMethodError'{0x000000008ba53af8}: 'java.lang.Object java.lang.invoke.DirectMethodHandle$Holder.invokeVirtual(java.lang.Object, java.lang.Object, java.lang.Object)'> (0x000000008ba53af8) thrown at [./src/hotspot/share/interpreter/linkResolver.cpp, line 773]
Event: 2.239 Thread 0x000001f0b99af000 Exception <a 'java/lang/NoSuchMethodError'{0x000000008ec2ce58}: 'java.lang.Object java.lang.invoke.Invokers$Holder.linkToTargetMethod(java.lang.Object, int, java.lang.Object)'> (0x000000008ec2ce58) thrown at [./src/hotspot/share/interpreter/linkResolver.cpp, line 773]
Event: 2.294 Thread 0x000001f0b99af000 Implicit null exception at 0x000001f0c50f8aaf to 0x000001f0c50f92b0

Events (20 events):
Event: 2.338 loading class org/jetbrains/kotlin/resolve/LazyExplicitImportScope
Event: 2.338 loading class org/jetbrains/kotlin/resolve/LazyExplicitImportScope done
Event: 2.339 loading class org/jetbrains/kotlin/utils/CallOnceFunction
Event: 2.339 loading class org/jetbrains/kotlin/utils/CallOnceFunction done
Event: 2.339 loading class org/jetbrains/kotlin/resolve/QualifiedExpressionResolver$processSingleImport$1
Event: 2.339 loading class org/jetbrains/kotlin/resolve/QualifiedExpressionResolver$processSingleImport$1 done
Event: 2.340 loading class org/jetbrains/kotlin/resolve/scopes/ResolutionScope$DefaultImpls
Event: 2.340 loading class org/jetbrains/kotlin/resolve/scopes/ResolutionScope$DefaultImpls done
Event: 2.340 loading class org/jetbrains/kotlin/load/java/lazy/LazyJavaPackageFragmentProvider$getPackageFragment$1
Event: 2.340 loading class org/jetbrains/kotlin/load/java/lazy/LazyJavaPackageFragmentProvider$getPackageFragment$1 done
Event: 2.340 loading class org/jetbrains/kotlin/load/java/lazy/descriptors/LazyJavaPackageFragment
Event: 2.340 loading class org/jetbrains/kotlin/load/java/lazy/descriptors/LazyJavaPackageFragment done
Event: 2.341 loading class org/jetbrains/kotlin/load/java/lazy/ContextKt
Event: 2.341 loading class org/jetbrains/kotlin/load/java/lazy/ContextKt done
Event: 2.341 loading class org/jetbrains/kotlin/load/java/lazy/ContextKt$childForClassOrPackage$1
Event: 2.341 loading class org/jetbrains/kotlin/load/java/lazy/ContextKt$childForClassOrPackage$1 done
Event: 2.341 loading class org/jetbrains/kotlin/load/java/lazy/descriptors/LazyJavaPackageFragment$binaryClasses$2
Event: 2.341 loading class org/jetbrains/kotlin/load/java/lazy/descriptors/LazyJavaPackageFragment$binaryClasses$2 done
Event: 2.341 loading class org/jetbrains/kotlin/load/java/lazy/descriptors/JvmPackageScope
Event: 2.341 loading class org/jetbrains/kotlin/load/java/lazy/descriptors/JvmPackageScope done


Dynamic libraries:
0x00007ff6f49b0000 - 0x00007ff6f49ba000 	C:\Program Files\Android\Android Studio\jre\bin\java.exe
0x00007ff96e420000 - 0x00007ff96e629000 	C:\Windows\SYSTEM32\ntdll.dll
0x00007ff96cfc0000 - 0x00007ff96d07d000 	C:\Windows\System32\KERNEL32.DLL
0x00007ff96bc00000 - 0x00007ff96bf7c000 	C:\Windows\System32\KERNELBASE.dll
0x00007ff96bf80000 - 0x00007ff96c091000 	C:\Windows\System32\ucrtbase.dll
0x00007ff961470000 - 0x00007ff961489000 	C:\Program Files\Android\Android Studio\jre\bin\jli.dll
0x00007ff960da0000 - 0x00007ff960db7000 	C:\Program Files\Android\Android Studio\jre\bin\VCRUNTIME140.dll
0x00007ff96cdb0000 - 0x00007ff96cf5d000 	C:\Windows\System32\USER32.dll
0x00007ff96c110000 - 0x00007ff96c136000 	C:\Windows\System32\win32u.dll
0x00007ff93e2b0000 - 0x00007ff93e555000 	C:\Windows\WinSxS\amd64_microsoft.windows.common-controls_6595b64144ccf1df_6.0.22000.120_none_9d947278b86cc467\COMCTL32.dll
0x00007ff96e170000 - 0x00007ff96e199000 	C:\Windows\System32\GDI32.dll
0x00007ff96ccd0000 - 0x00007ff96cd73000 	C:\Windows\System32\msvcrt.dll
0x00007ff96b900000 - 0x00007ff96ba19000 	C:\Windows\System32\gdi32full.dll
0x00007ff96bb60000 - 0x00007ff96bbfd000 	C:\Windows\System32\msvcp_win.dll
0x00007ff96d0e0000 - 0x00007ff96d111000 	C:\Windows\System32\IMM32.DLL
0x00007ff925430000 - 0x00007ff9254cd000 	C:\Program Files\Android\Android Studio\jre\bin\msvcp140.dll
0x00007ff9157b0000 - 0x00007ff916295000 	C:\Program Files\Android\Android Studio\jre\bin\server\jvm.dll
0x00007ff96c960000 - 0x00007ff96ca0e000 	C:\Windows\System32\ADVAPI32.dll
0x00007ff96e0c0000 - 0x00007ff96e15e000 	C:\Windows\System32\sechost.dll
0x00007ff96d610000 - 0x00007ff96d730000 	C:\Windows\System32\RPCRT4.dll
0x00007ff96e160000 - 0x00007ff96e168000 	C:\Windows\System32\PSAPI.DLL
0x00007ff9157a0000 - 0x00007ff9157a9000 	C:\Windows\SYSTEM32\WSOCK32.dll
0x00007ff966ab0000 - 0x00007ff966aba000 	C:\Windows\SYSTEM32\VERSION.dll
0x00007ff960b60000 - 0x00007ff960b93000 	C:\Windows\SYSTEM32\WINMM.dll
0x00007ff96e1b0000 - 0x00007ff96e21f000 	C:\Windows\System32\WS2_32.dll
0x00007ff96a9b0000 - 0x00007ff96a9c8000 	C:\Windows\SYSTEM32\kernel.appcore.dll
0x00007ff915780000 - 0x00007ff915791000 	C:\Program Files\Android\Android Studio\jre\bin\verify.dll
0x00007ff9651d0000 - 0x00007ff9653f1000 	C:\Windows\SYSTEM32\DBGHELP.DLL
0x00007ff965550000 - 0x00007ff965581000 	C:\Windows\SYSTEM32\dbgcore.DLL
0x00007ff96ba20000 - 0x00007ff96ba9f000 	C:\Windows\System32\bcryptPrimitives.dll
0x00007ff915750000 - 0x00007ff915779000 	C:\Program Files\Android\Android Studio\jre\bin\java.dll
0x00007ff915740000 - 0x00007ff91574b000 	C:\Program Files\Android\Android Studio\jre\bin\jimage.dll
0x00007ff915720000 - 0x00007ff915738000 	C:\Program Files\Android\Android Studio\jre\bin\zip.dll
0x00007ff96d900000 - 0x00007ff96e0b8000 	C:\Windows\System32\SHELL32.dll
0x00007ff969a20000 - 0x00007ff96a288000 	C:\Windows\SYSTEM32\windows.storage.dll
0x00007ff96d290000 - 0x00007ff96d609000 	C:\Windows\System32\combase.dll
0x00007ff9698b0000 - 0x00007ff969a16000 	C:\Windows\SYSTEM32\wintypes.dll
0x00007ff96d7b0000 - 0x00007ff96d89a000 	C:\Windows\System32\SHCORE.dll
0x00007ff96d080000 - 0x00007ff96d0dd000 	C:\Windows\System32\shlwapi.dll
0x00007ff96b830000 - 0x00007ff96b851000 	C:\Windows\SYSTEM32\profapi.dll
0x00007ff915700000 - 0x00007ff91571a000 	C:\Program Files\Android\Android Studio\jre\bin\net.dll
0x00007ff9669a0000 - 0x00007ff966aac000 	C:\Windows\SYSTEM32\WINHTTP.dll
0x00007ff96add0000 - 0x00007ff96ae37000 	C:\Windows\system32\mswsock.dll
0x00007ff9156e0000 - 0x00007ff9156f4000 	C:\Program Files\Android\Android Studio\jre\bin\nio.dll

dbghelp: loaded successfully - version: 4.0.5 - missing functions: none
symbol engine: initialized successfully - sym options: 0x614 - pdb path: .;C:\Program Files\Android\Android Studio\jre\bin;C:\Windows\SYSTEM32;C:\Windows\WinSxS\amd64_microsoft.windows.common-controls_6595b64144ccf1df_6.0.22000.120_none_9d947278b86cc467;C:\Program Files\Android\Android Studio\jre\bin\server

VM Arguments:
java_command: org.jetbrains.kotlin.cli.jvm.K2JVMCompiler @C:\Users\Tecnico TI\Desktop\Lucas reposiorys\Vendas\app\build\20220929_1879782820581647596.compiler.options
java_class_path (initial): C:\Users\Tecnico TI\.gradle\caches\modules-2\files-2.1\org.jetbrains.kotlin\kotlin-compiler-embeddable\1.7.10\909803167c98606fcf22b4c848647c68e351d48d\kotlin-compiler-embeddable-1.7.10.jar;C:\Users\Tecnico TI\.gradle\caches\modules-2\files-2.1\org.jetbrains.kotlin\kotlin-reflect\1.7.10\165e600dfea6185cf5efa700756294cc4904dbeb\kotlin-reflect-1.7.10.jar;C:\Users\Tecnico TI\.gradle\caches\modules-2\files-2.1\org.jetbrains.kotlin\kotlin-stdlib\1.7.10\d2abf9e77736acc4450dc4a3f707fa2c10f5099d\kotlin-stdlib-1.7.10.jar;C:\Users\Tecnico TI\.gradle\caches\modules-2\files-2.1\org.jetbrains.kotlin\kotlin-script-runtime\1.7.10\c99c87a6988d8fd8d5142e9ed5c9f34a7cf561ee\kotlin-script-runtime-1.7.10.jar;C:\Users\Tecnico TI\.gradle\caches\modules-2\files-2.1\org.jetbrains.kotlin\kotlin-daemon-embeddable\1.7.10\3a9f7aef7080d3ae63126cbba4f827ed664f32fa\kotlin-daemon-embeddable-1.7.10.jar;C:\Users\Tecnico TI\.gradle\caches\modules-2\files-2.1\org.jetbrains.intellij.deps\trove4j\1.0.20200330\3afb14d5f9ceb459d724e907a21145e8ff394f02\trove4j-1.0.20200330.jar;C:\Users\Tecnico TI\.gradle\caches\modules-2\files-2.1\net.java.dev.jna\jna\5.6.0\330f2244e9030119ab3030fc3fededc86713d9cc\jna-5.6.0.jar;C:\Users\Tecnico TI\.gradle\caches\modules-2\files-2.1\org.jetbrains.kotlin\kotlin-stdlib-common\1.7.10\bac80c520d0a9e3f3673bc2658c6ed02ef45a76a\kotlin-stdlib-common-1.7.10.jar;C:\Users\Tecnico TI\.gradle\caches\modules-2\files-2.1\org.jetbrains\annotations\13.0\919f0dfe192fb4e063e7dacadee7f8bb9a2672a9\annotations-13.0.jar
Launcher Type: SUN_STANDARD

[Global flags]
     intx CICompilerCount                          = 4                                         {product} {ergonomic}
     uint ConcGCThreads                            = 3                                         {product} {ergonomic}
     uint G1ConcRefinementThreads                  = 10                                        {product} {ergonomic}
   size_t G1HeapRegionSize                         = 1048576                                   {product} {ergonomic}
    uintx GCDrainStackTargetSize                   = 64                                        {product} {ergonomic}
   size_t InitialHeapSize                          = 130023424                                 {product} {ergonomic}
   size_t MarkStackSize                            = 4194304                                   {product} {ergonomic}
   size_t MaxHeapSize                              = 2074083328                                {product} {ergonomic}
   size_t MaxNewSize                               = 1243611136                                {product} {ergonomic}
   size_t MinHeapDeltaBytes                        = 1048576                                   {product} {ergonomic}
    uintx NonNMethodCodeHeapSize                   = 5836300                                {pd product} {ergonomic}
    uintx NonProfiledCodeHeapSize                  = 122910970                              {pd product} {ergonomic}
    uintx ProfiledCodeHeapSize                     = 122910970                              {pd product} {ergonomic}
    uintx ReservedCodeCacheSize                    = 251658240                              {pd product} {ergonomic}
     bool SegmentedCodeCache                       = true                                      {product} {ergonomic}
     bool UseCompressedClassPointers               = true                                 {lp64_product} {ergonomic}
     bool UseCompressedOops                        = true                                 {lp64_product} {ergonomic}
     bool UseG1GC                                  = true                                      {product} {ergonomic}
     bool UseLargePagesIndividualAllocation        = false                                  {pd product} {ergonomic}

Logging:
Log output configuration:
 #0: stdout all=warning uptime,level,tags
 #1: stderr all=off uptime,level,tags

Environment Variables:
PATH=C:\Program Files (x86)\Common Files\Oracle\Java\javapath;C:\Program Files (x86)\VMware\VMware Workstation\bin\;C:\Windows\system32;C:\Windows;C:\Windows\System32\Wbem;C:\Windows\System32\WindowsPowerShell\v1.0\;C:\Windows\System32\OpenSSH\;C:\Program Files\dotnet\;C:\Program Files\Docker\Docker\resources\bin;C:\ProgramData\DockerDesktop\version-bin;C:\Program Files\nodejs\;C:\Program Files (x86)\Yarn\bin\;C:\Program Files\Git\cmd;C:\Program Files\MySQL\MySQL Shell 8.0\bin\;C:\Ruby31-x64\bin;C:\Users\Tecnico TI\AppData\Local\Microsoft\WindowsApps;;C:\Users\Tecnico TI\AppData\Local\Programs\Microsoft VS Code\bin;C:\Users\Tecnico TI\AppData\Roaming\npm;C:\Users\Tecnico TI\AppData\Local\Yarn\bin
USERNAME=Tecnico TI
OS=Windows_NT
PROCESSOR_IDENTIFIER=Intel64 Family 6 Model 165 Stepping 3, GenuineIntel



---------------  S Y S T E M  ---------------

OS: Windows 10 , 64 bit Build 22000 (10.0.22000.708)
OS uptime: 0 days 0:18 hours
Hyper-V role detected

CPU:total 12 (initial active 12) (6 cores per cpu, 2 threads per core) family 6 model 165 stepping 3 microcode 0xec, cmov, cx8, fxsr, mmx, sse, sse2, sse3, ssse3, sse4.1, sse4.2, popcnt, avx, avx2, aes, clmul, erms, 3dnowpref, lzcnt, ht, tsc, tscinvbit, bmi1, bmi2, adx, fma

Memory: 4k page, system-wide physical 7906M (3315M free)
TotalPageFile size 8518M (AvailPageFile size 5M)
current process WorkingSet (physical memory assigned to process): 247M, peak: 247M
current process commit charge ("private bytes"): 370M, peak: 371M

vm_info: OpenJDK 64-Bit Server VM (11.0.12+7-b1504.28-7817840) for windows-amd64 JRE (11.0.12+7-b1504.28-7817840), built on Oct 13 2021 22:12:33 by "builder" with MS VC++ 14.0 (VS2015)

END.
