#
# There is insufficient memory for the Java Runtime Environment to continue.
# Native memory allocation (mmap) failed to map 51380224 bytes for Failed to commit area from 0x000000008ef00000 to 0x0000000092000000 of length 51380224.
# Possible reasons:
#   The system is out of physical RAM or swap space
#   The process is running with CompressedOops enabled, and the Java Heap may be blocking the growth of the native heap
# Possible solutions:
#   Reduce memory load on the system
#   Increase physical memory or swap space
#   Check if swap backing store is full
#   Decrease Java heap size (-Xmx/-Xms)
#   Decrease number of Java threads
#   Decrease Java thread stack sizes (-Xss)
#   Set larger code cache with -XX:ReservedCodeCacheSize=
#   JVM is running with Unscaled Compressed Oops mode in which the Java heap is
#     placed in the first 4GB address space. The Java Heap base address is the
#     maximum limit for the native heap growth. Please use -XX:HeapBaseMinAddress
#     to set the Java Heap base and to place the Java Heap above 4GB virtual address.
# This output file may be truncated or incomplete.
#
#  Out of Memory Error (./src/hotspot/os/windows/os_windows.cpp:3521), pid=14064, tid=7724
#
# JRE version: OpenJDK Runtime Environment (11.0.12+7) (build 11.0.12+7-b1504.28-7817840)
# Java VM: OpenJDK 64-Bit Server VM (11.0.12+7-b1504.28-7817840, mixed mode, tiered, compressed oops, g1 gc, windows-amd64)
# No core dump will be written. Minidumps are not enabled by default on client versions of Windows
#

---------------  S U M M A R Y ------------

Command Line: org.jetbrains.kotlin.cli.jvm.K2JVMCompiler @C:\Users\Tecnico TI\Desktop\Lucas reposiorys\Vendas\app\build\20220929_16843026430906814231.compiler.options

Host: Intel(R) Core(TM) i5-10500T CPU @ 2.30GHz, 12 cores, 7G,  Windows 10 , 64 bit Build 22000 (10.0.22000.708)
Time: Thu Sep 29 18:47:00 2022 Hora oficial do Brasil elapsed time: 5.036694 seconds (0d 0h 0m 5s)

---------------  T H R E A D  ---------------

Current thread (0x000001feb61f0800):  VMThread "VM Thread" [stack: 0x00000096c5c00000,0x00000096c5d00000] [id=7724]

Stack: [0x00000096c5c00000,0x00000096c5d00000]
[error occurred during error reporting (printing stack bounds), id 0xc0000005, EXCEPTION_ACCESS_VIOLATION (0xc0000005) at pc=0x000001fe9f6d112d]

Native frames: (J=compiled Java code, j=interpreted, Vv=VM code, C=native code)
V  [jvm.dll+0x5fbcea]
V  [jvm.dll+0x731905]
V  [jvm.dll+0x732f1d]
V  [jvm.dll+0x733535]
V  [jvm.dll+0x7334eb]
V  [jvm.dll+0x5fb080]
V  [jvm.dll+0x5fb818]
C  [ntdll.dll+0xa8b1f]
C  [ntdll.dll+0x35b9a]
C  [ntdll.dll+0xa7b2e]
C  0x000001fe9f6d112d

VM_Operation (0x00000096c56fc5b0): G1CollectForAllocation, mode: safepoint, requested by thread 0x000001fe9bbbf800


---------------  P R O C E S S  ---------------

Threads class SMR info:
_java_thread_list=0x000001feb6d09460, length=12, elements={
0x000001fe9bbbf800, 0x000001feb6216800, 0x000001feb621f000, 0x000001feb6237000,
0x000001feb6239000, 0x000001feb623a000, 0x000001feb623b000, 0x000001feb623c800,
0x000001feb623d800, 0x000001feb6d17000, 0x000001feb6d42000, 0x000001feb6d43000
}

Java Threads: ( => current thread )
  0x000001fe9bbbf800 JavaThread "main" [_thread_blocked, id=13132, stack(0x00000096c5600000,0x00000096c5700000)]
  0x000001feb6216800 JavaThread "Reference Handler" daemon [_thread_blocked, id=11608, stack(0x00000096c5d00000,0x00000096c5e00000)]
  0x000001feb621f000 JavaThread "Finalizer" daemon [_thread_blocked, id=12916, stack(0x00000096c5e00000,0x00000096c5f00000)]
  0x000001feb6237000 JavaThread "Signal Dispatcher" daemon [_thread_blocked, id=9208, stack(0x00000096c5f00000,0x00000096c6000000)]
  0x000001feb6239000 JavaThread "Attach Listener" daemon [_thread_blocked, id=7368, stack(0x00000096c6000000,0x00000096c6100000)]
  0x000001feb623a000 JavaThread "Service Thread" daemon [_thread_blocked, id=8396, stack(0x00000096c6100000,0x00000096c6200000)]
  0x000001feb623b000 JavaThread "C2 CompilerThread0" daemon [_thread_in_native, id=2728, stack(0x00000096c6200000,0x00000096c6300000)]
  0x000001feb623c800 JavaThread "C1 CompilerThread0" daemon [_thread_blocked, id=5356, stack(0x00000096c6300000,0x00000096c6400000)]
  0x000001feb623d800 JavaThread "Sweeper thread" daemon [_thread_blocked, id=1968, stack(0x00000096c6400000,0x00000096c6500000)]
  0x000001feb6d17000 JavaThread "Common-Cleaner" daemon [_thread_blocked, id=4980, stack(0x00000096c6600000,0x00000096c6700000)]
  0x000001feb6d42000 JavaThread "C2 CompilerThread1" daemon [_thread_blocked, id=11320, stack(0x00000096c6700000,0x00000096c6800000)]
  0x000001feb6d43000 JavaThread "C2 CompilerThread2" daemon [_thread_blocked, id=5868, stack(0x00000096c6800000,0x00000096c6900000)]

Other Threads:
=>0x000001feb61f0800 VMThread "VM Thread" [stack: 0x00000096c5c00000,0x00000096c5d00000] [id=7724]
  0x000001feb6d05000 WatcherThread [stack: 0x00000096c6500000,0x00000096c6600000] [id=10728]
  0x000001fe9bbd7800 GCTaskThread "GC Thread#0" [stack: 0x00000096c5700000,0x00000096c5800000] [id=12924]
  0x000001feb7396000 GCTaskThread "GC Thread#1" [stack: 0x00000096c6900000,0x00000096c6a00000] [id=13984]
  0x000001feb8c99800 GCTaskThread "GC Thread#2" [stack: 0x00000096c6c00000,0x00000096c6d00000] [id=3076]
  0x000001febc2a1000 GCTaskThread "GC Thread#3" [stack: 0x00000096c6d00000,0x00000096c6e00000] [id=14180]
  0x000001fe9bc08000 ConcurrentGCThread "G1 Main Marker" [stack: 0x00000096c5800000,0x00000096c5900000] [id=13116]
  0x000001fe9bc0b000 ConcurrentGCThread "G1 Conc#0" [stack: 0x00000096c5900000,0x00000096c5a00000] [id=2576]
  0x000001feb8728000 ConcurrentGCThread "G1 Conc#1" [stack: 0x00000096c6a00000,0x00000096c6b00000] [id=2212]
  0x000001feb746b800 ConcurrentGCThread "G1 Conc#2" [stack: 0x00000096c6b00000,0x00000096c6c00000] [id=12632]
  0x000001feb6046800 ConcurrentGCThread "G1 Refine#0" [stack: 0x00000096c5a00000,0x00000096c5b00000] [id=3000]
  0x000001febd48b000 ConcurrentGCThread "G1 Refine#1" [stack: 0x00000096c6e00000,0x00000096c6f00000] [id=2316]
  0x000001feb8930000 ConcurrentGCThread "G1 Refine#2" [stack: 0x00000096c6f00000,0x00000096c7000000] [id=11400]
  0x000001fe9bc9e000 ConcurrentGCThread "G1 Young RemSet Sampling" [stack: 0x00000096c5b00000,0x00000096c5c00000] [id=9764]

Threads with active compile tasks:
C2 CompilerThread0   5041 7903       4       org.jetbrains.kotlin.util.DeclarationUtilKt::findImplementationFromInterface (129 bytes)
C1 CompilerThread0   5041 8045       3       jdk.internal.jimage.ImageLocation::verifyName (187 bytes)

VM state:at safepoint (normal execution)

VM Mutex/Monitor currently owned by a thread:  ([mutex/lock_event])
[0x000001fe9bbbd0b0] Threads_lock - owner thread: 0x000001feb61f0800
[0x000001fe9bbbb910] Heap_lock - owner thread: 0x000001fe9bbbf800

Heap address: 0x0000000084600000, size: 1978 MB, Compressed Oops mode: 32-bit
Narrow klass base: 0x0000000000000000, Narrow klass shift: 3
Compressed class space size: 1073741824 Address: 0x0000000100000000

Heap:
 garbage-first heap   total 223232K, used 53030K [0x0000000084600000, 0x0000000100000000)
  region size 1024K, 8 young (8192K), 8 survivors (8192K)
 Metaspace       used 67745K, capacity 68600K, committed 68688K, reserved 1110016K
  class space    used 7737K, capacity 8074K, committed 8096K, reserved 1048576K
Heap Regions: E=young(eden), S=young(survivor), O=old, HS=humongous(starts), HC=humongous(continues), CS=collection set, F=free, A=archive, TAMS=top-at-mark-start (previous, next)
|   0|0x0000000084600000, 0x0000000084700000, 0x0000000084700000|100%|HS|  |TAMS 0x0000000084700000, 0x0000000084700000| Complete 
|   1|0x0000000084700000, 0x0000000084800000, 0x0000000084800000|100%|HC|  |TAMS 0x0000000084800000, 0x0000000084800000| Complete 
|   2|0x0000000084800000, 0x0000000084900000, 0x0000000084900000|100%|HC|  |TAMS 0x0000000084900000, 0x0000000084900000| Complete 
|   3|0x0000000084900000, 0x0000000084a00000, 0x0000000084a00000|100%| O|  |TAMS 0x0000000084a00000, 0x0000000084a00000| Untracked 
|   4|0x0000000084a00000, 0x0000000084b00000, 0x0000000084b00000|100%| O|  |TAMS 0x0000000084b00000, 0x0000000084b00000| Untracked 
|   5|0x0000000084b00000, 0x0000000084c00000, 0x0000000084c00000|100%|HS|  |TAMS 0x0000000084c00000, 0x0000000084c00000| Complete 
|   6|0x0000000084c00000, 0x0000000084d00000, 0x0000000084d00000|100%|HC|  |TAMS 0x0000000084d00000, 0x0000000084d00000| Complete 
|   7|0x0000000084d00000, 0x0000000084e00000, 0x0000000084e00000|100%|HC|  |TAMS 0x0000000084e00000, 0x0000000084e00000| Complete 
|   8|0x0000000084e00000, 0x0000000084f00000, 0x0000000084f00000|100%|HS|  |TAMS 0x0000000084f00000, 0x0000000084f00000| Complete 
|   9|0x0000000084f00000, 0x0000000085000000, 0x0000000085000000|100%|HC|  |TAMS 0x0000000085000000, 0x0000000085000000| Complete 
|  10|0x0000000085000000, 0x0000000085100000, 0x0000000085100000|100%| O|  |TAMS 0x0000000085100000, 0x0000000085100000| Untracked 
|  11|0x0000000085100000, 0x0000000085200000, 0x0000000085200000|100%| O|  |TAMS 0x0000000085200000, 0x0000000085200000| Untracked 
|  12|0x0000000085200000, 0x0000000085300000, 0x0000000085300000|100%| O|  |TAMS 0x0000000085300000, 0x0000000085300000| Untracked 
|  13|0x0000000085300000, 0x0000000085400000, 0x0000000085400000|100%| O|  |TAMS 0x0000000085400000, 0x0000000085400000| Untracked 
|  14|0x0000000085400000, 0x0000000085500000, 0x0000000085500000|100%| O|  |TAMS 0x0000000085500000, 0x0000000085500000| Untracked 
|  15|0x0000000085500000, 0x0000000085600000, 0x0000000085600000|100%| O|  |TAMS 0x0000000085600000, 0x0000000085600000| Untracked 
|  16|0x0000000085600000, 0x0000000085700000, 0x0000000085700000|100%| O|  |TAMS 0x0000000085700000, 0x0000000085700000| Untracked 
|  17|0x0000000085700000, 0x0000000085800000, 0x0000000085800000|100%| O|  |TAMS 0x0000000085800000, 0x0000000085800000| Untracked 
|  18|0x0000000085800000, 0x0000000085900000, 0x0000000085900000|100%| O|  |TAMS 0x0000000085900000, 0x0000000085900000| Untracked 
|  19|0x0000000085900000, 0x0000000085a00000, 0x0000000085a00000|100%| O|  |TAMS 0x0000000085a00000, 0x0000000085a00000| Untracked 
|  20|0x0000000085a00000, 0x0000000085b00000, 0x0000000085b00000|100%| O|  |TAMS 0x0000000085b00000, 0x0000000085b00000| Untracked 
|  21|0x0000000085b00000, 0x0000000085c00000, 0x0000000085c00000|100%| O|  |TAMS 0x0000000085c00000, 0x0000000085c00000| Untracked 
|  22|0x0000000085c00000, 0x0000000085d00000, 0x0000000085d00000|100%| O|  |TAMS 0x0000000085d00000, 0x0000000085d00000| Untracked 
|  23|0x0000000085d00000, 0x0000000085e00000, 0x0000000085e00000|100%| O|  |TAMS 0x0000000085e00000, 0x0000000085e00000| Untracked 
|  24|0x0000000085e00000, 0x0000000085f00000, 0x0000000085f00000|100%| O|  |TAMS 0x0000000085f00000, 0x0000000085f00000| Untracked 
|  25|0x0000000085f00000, 0x0000000086000000, 0x0000000086000000|100%| O|  |TAMS 0x0000000086000000, 0x0000000086000000| Untracked 
|  26|0x0000000086000000, 0x0000000086100000, 0x0000000086100000|100%| O|  |TAMS 0x0000000086100000, 0x0000000086100000| Untracked 
|  27|0x0000000086100000, 0x0000000086200000, 0x0000000086200000|100%| O|  |TAMS 0x0000000086200000, 0x0000000086200000| Untracked 
|  28|0x0000000086200000, 0x0000000086300000, 0x0000000086300000|100%| O|  |TAMS 0x0000000086300000, 0x0000000086300000| Untracked 
|  29|0x0000000086300000, 0x0000000086400000, 0x0000000086400000|100%| O|  |TAMS 0x0000000086400000, 0x0000000086400000| Untracked 
|  30|0x0000000086400000, 0x0000000086500000, 0x0000000086500000|100%| O|  |TAMS 0x0000000086500000, 0x0000000086500000| Untracked 
|  31|0x0000000086500000, 0x0000000086600000, 0x0000000086600000|100%| O|  |TAMS 0x0000000086600000, 0x0000000086600000| Untracked 
|  32|0x0000000086600000, 0x0000000086700000, 0x0000000086700000|100%| O|  |TAMS 0x0000000086700000, 0x0000000086700000| Untracked 
|  33|0x0000000086700000, 0x0000000086800000, 0x0000000086800000|100%| O|  |TAMS 0x0000000086800000, 0x0000000086800000| Untracked 
|  34|0x0000000086800000, 0x0000000086900000, 0x0000000086900000|100%| O|  |TAMS 0x0000000086900000, 0x0000000086900000| Untracked 
|  35|0x0000000086900000, 0x0000000086a00000, 0x0000000086a00000|100%| O|  |TAMS 0x0000000086a00000, 0x0000000086a00000| Untracked 
|  36|0x0000000086a00000, 0x0000000086b00000, 0x0000000086b00000|100%| O|  |TAMS 0x0000000086b00000, 0x0000000086b00000| Untracked 
|  37|0x0000000086b00000, 0x0000000086c00000, 0x0000000086c00000|100%| O|  |TAMS 0x0000000086c00000, 0x0000000086c00000| Untracked 
|  38|0x0000000086c00000, 0x0000000086d00000, 0x0000000086d00000|100%| O|  |TAMS 0x0000000086d00000, 0x0000000086d00000| Untracked 
|  39|0x0000000086d00000, 0x0000000086e00000, 0x0000000086e00000|100%| O|  |TAMS 0x0000000086e00000, 0x0000000086e00000| Untracked 
|  40|0x0000000086e00000, 0x0000000086f00000, 0x0000000086f00000|100%| O|  |TAMS 0x0000000086f00000, 0x0000000086f00000| Untracked 
|  41|0x0000000086f00000, 0x0000000087000000, 0x0000000087000000|100%| O|  |TAMS 0x0000000087000000, 0x0000000087000000| Untracked 
|  42|0x0000000087000000, 0x0000000087100000, 0x0000000087100000|100%| O|  |TAMS 0x0000000087100000, 0x0000000087100000| Untracked 
|  43|0x0000000087100000, 0x0000000087200000, 0x0000000087200000|100%| O|  |TAMS 0x0000000087200000, 0x0000000087200000| Untracked 
|  44|0x0000000087200000, 0x0000000087261c00, 0x0000000087300000| 38%| O|  |TAMS 0x0000000087261c00, 0x0000000087261c00| Untracked 
|  45|0x0000000087300000, 0x0000000087300000, 0x0000000087400000|  0%| F|  |TAMS 0x0000000087300000, 0x0000000087300000| Untracked 
|  46|0x0000000087400000, 0x0000000087400000, 0x0000000087500000|  0%| F|  |TAMS 0x0000000087400000, 0x0000000087400000| Untracked 
|  47|0x0000000087500000, 0x0000000087500000, 0x0000000087600000|  0%| F|  |TAMS 0x0000000087500000, 0x0000000087500000| Untracked 
|  48|0x0000000087600000, 0x0000000087600000, 0x0000000087700000|  0%| F|  |TAMS 0x0000000087600000, 0x0000000087600000| Untracked 
|  49|0x0000000087700000, 0x0000000087700000, 0x0000000087800000|  0%| F|  |TAMS 0x0000000087700000, 0x0000000087700000| Untracked 
|  50|0x0000000087800000, 0x0000000087800000, 0x0000000087900000|  0%| F|  |TAMS 0x0000000087800000, 0x0000000087800000| Untracked 
|  51|0x0000000087900000, 0x0000000087900000, 0x0000000087a00000|  0%| F|  |TAMS 0x0000000087900000, 0x0000000087900000| Untracked 
|  52|0x0000000087a00000, 0x0000000087a00000, 0x0000000087b00000|  0%| F|  |TAMS 0x0000000087a00000, 0x0000000087a00000| Untracked 
|  53|0x0000000087b00000, 0x0000000087b00000, 0x0000000087c00000|  0%| F|  |TAMS 0x0000000087b00000, 0x0000000087b00000| Untracked 
|  54|0x0000000087c00000, 0x0000000087c00000, 0x0000000087d00000|  0%| F|  |TAMS 0x0000000087c00000, 0x0000000087c00000| Untracked 
|  55|0x0000000087d00000, 0x0000000087d00000, 0x0000000087e00000|  0%| F|  |TAMS 0x0000000087d00000, 0x0000000087d00000| Untracked 
|  56|0x0000000087e00000, 0x0000000087e00000, 0x0000000087f00000|  0%| F|  |TAMS 0x0000000087e00000, 0x0000000087e00000| Untracked 
|  57|0x0000000087f00000, 0x0000000087f00000, 0x0000000088000000|  0%| F|  |TAMS 0x0000000087f00000, 0x0000000087f00000| Untracked 
|  58|0x0000000088000000, 0x0000000088000000, 0x0000000088100000|  0%| F|  |TAMS 0x0000000088000000, 0x0000000088000000| Untracked 
|  59|0x0000000088100000, 0x0000000088100000, 0x0000000088200000|  0%| F|  |TAMS 0x0000000088100000, 0x0000000088100000| Untracked 
|  60|0x0000000088200000, 0x0000000088200000, 0x0000000088300000|  0%| F|  |TAMS 0x0000000088200000, 0x0000000088200000| Untracked 
|  61|0x0000000088300000, 0x0000000088300000, 0x0000000088400000|  0%| F|  |TAMS 0x0000000088300000, 0x0000000088300000| Untracked 
|  62|0x0000000088400000, 0x0000000088400000, 0x0000000088500000|  0%| F|  |TAMS 0x0000000088400000, 0x0000000088400000| Untracked 
|  63|0x0000000088500000, 0x0000000088500000, 0x0000000088600000|  0%| F|  |TAMS 0x0000000088500000, 0x0000000088500000| Untracked 
|  64|0x0000000088600000, 0x0000000088600000, 0x0000000088700000|  0%| F|  |TAMS 0x0000000088600000, 0x0000000088600000| Untracked 
|  65|0x0000000088700000, 0x0000000088700000, 0x0000000088800000|  0%| F|  |TAMS 0x0000000088700000, 0x0000000088700000| Untracked 
|  66|0x0000000088800000, 0x0000000088800000, 0x0000000088900000|  0%| F|  |TAMS 0x0000000088800000, 0x0000000088800000| Untracked 
|  67|0x0000000088900000, 0x0000000088900000, 0x0000000088a00000|  0%| F|  |TAMS 0x0000000088900000, 0x0000000088900000| Untracked 
|  68|0x0000000088a00000, 0x0000000088a00000, 0x0000000088b00000|  0%| F|  |TAMS 0x0000000088a00000, 0x0000000088a00000| Untracked 
|  69|0x0000000088b00000, 0x0000000088b00000, 0x0000000088c00000|  0%| F|  |TAMS 0x0000000088b00000, 0x0000000088b00000| Untracked 
|  70|0x0000000088c00000, 0x0000000088c00000, 0x0000000088d00000|  0%| F|  |TAMS 0x0000000088c00000, 0x0000000088c00000| Untracked 
|  71|0x0000000088d00000, 0x0000000088d00000, 0x0000000088e00000|  0%| F|  |TAMS 0x0000000088d00000, 0x0000000088d00000| Untracked 
|  72|0x0000000088e00000, 0x0000000088e00000, 0x0000000088f00000|  0%| F|  |TAMS 0x0000000088e00000, 0x0000000088e00000| Untracked 
|  73|0x0000000088f00000, 0x0000000088f00000, 0x0000000089000000|  0%| F|  |TAMS 0x0000000088f00000, 0x0000000088f00000| Untracked 
|  74|0x0000000089000000, 0x0000000089000000, 0x0000000089100000|  0%| F|  |TAMS 0x0000000089000000, 0x0000000089000000| Untracked 
|  75|0x0000000089100000, 0x0000000089100000, 0x0000000089200000|  0%| F|  |TAMS 0x0000000089100000, 0x0000000089100000| Untracked 
|  76|0x0000000089200000, 0x0000000089200000, 0x0000000089300000|  0%| F|  |TAMS 0x0000000089200000, 0x0000000089200000| Untracked 
|  77|0x0000000089300000, 0x0000000089300000, 0x0000000089400000|  0%| F|  |TAMS 0x0000000089300000, 0x0000000089300000| Untracked 
|  78|0x0000000089400000, 0x0000000089400000, 0x0000000089500000|  0%| F|  |TAMS 0x0000000089400000, 0x0000000089400000| Untracked 
|  79|0x0000000089500000, 0x0000000089500000, 0x0000000089600000|  0%| F|  |TAMS 0x0000000089500000, 0x0000000089500000| Untracked 
|  80|0x0000000089600000, 0x0000000089600000, 0x0000000089700000|  0%| F|  |TAMS 0x0000000089600000, 0x0000000089600000| Untracked 
|  81|0x0000000089700000, 0x0000000089700000, 0x0000000089800000|  0%| F|  |TAMS 0x0000000089700000, 0x0000000089700000| Untracked 
|  82|0x0000000089800000, 0x0000000089800000, 0x0000000089900000|  0%| F|  |TAMS 0x0000000089800000, 0x0000000089800000| Untracked 
|  83|0x0000000089900000, 0x0000000089900000, 0x0000000089a00000|  0%| F|  |TAMS 0x0000000089900000, 0x0000000089900000| Untracked 
|  84|0x0000000089a00000, 0x0000000089a00000, 0x0000000089b00000|  0%| F|  |TAMS 0x0000000089a00000, 0x0000000089a00000| Untracked 
|  85|0x0000000089b00000, 0x0000000089b00000, 0x0000000089c00000|  0%| F|  |TAMS 0x0000000089b00000, 0x0000000089b00000| Untracked 
|  86|0x0000000089c00000, 0x0000000089c00000, 0x0000000089d00000|  0%| F|  |TAMS 0x0000000089c00000, 0x0000000089c00000| Untracked 
|  87|0x0000000089d00000, 0x0000000089d00000, 0x0000000089e00000|  0%| F|  |TAMS 0x0000000089d00000, 0x0000000089d00000| Untracked 
|  88|0x0000000089e00000, 0x0000000089e00000, 0x0000000089f00000|  0%| F|  |TAMS 0x0000000089e00000, 0x0000000089e00000| Untracked 
|  89|0x0000000089f00000, 0x0000000089f00000, 0x000000008a000000|  0%| F|  |TAMS 0x0000000089f00000, 0x0000000089f00000| Untracked 
|  90|0x000000008a000000, 0x000000008a000000, 0x000000008a100000|  0%| F|  |TAMS 0x000000008a000000, 0x000000008a000000| Untracked 
|  91|0x000000008a100000, 0x000000008a100000, 0x000000008a200000|  0%| F|  |TAMS 0x000000008a100000, 0x000000008a100000| Untracked 
|  92|0x000000008a200000, 0x000000008a267cb0, 0x000000008a300000| 40%| S|CS|TAMS 0x000000008a200000, 0x000000008a200000| Complete 
|  93|0x000000008a300000, 0x000000008a400000, 0x000000008a400000|100%| S|CS|TAMS 0x000000008a300000, 0x000000008a300000| Complete 
|  94|0x000000008a400000, 0x000000008a500000, 0x000000008a500000|100%| S|CS|TAMS 0x000000008a400000, 0x000000008a400000| Complete 
|  95|0x000000008a500000, 0x000000008a600000, 0x000000008a600000|100%| S|CS|TAMS 0x000000008a500000, 0x000000008a500000| Complete 
|  96|0x000000008a600000, 0x000000008a700000, 0x000000008a700000|100%| S|CS|TAMS 0x000000008a600000, 0x000000008a600000| Complete 
|  97|0x000000008a700000, 0x000000008a800000, 0x000000008a800000|100%| S|CS|TAMS 0x000000008a700000, 0x000000008a700000| Complete 
|  98|0x000000008a800000, 0x000000008a900000, 0x000000008a900000|100%| S|CS|TAMS 0x000000008a800000, 0x000000008a800000| Complete 
|  99|0x000000008a900000, 0x000000008aa00000, 0x000000008aa00000|100%| S|CS|TAMS 0x000000008a900000, 0x000000008a900000| Complete 
| 100|0x000000008aa00000, 0x000000008aa00000, 0x000000008ab00000|  0%| F|  |TAMS 0x000000008aa00000, 0x000000008aa00000| Untracked 
| 101|0x000000008ab00000, 0x000000008ab00000, 0x000000008ac00000|  0%| F|  |TAMS 0x000000008ab00000, 0x000000008ab00000| Untracked 
| 102|0x000000008ac00000, 0x000000008ac00000, 0x000000008ad00000|  0%| F|  |TAMS 0x000000008ac00000, 0x000000008ac00000| Untracked 
| 103|0x000000008ad00000, 0x000000008ad00000, 0x000000008ae00000|  0%| F|  |TAMS 0x000000008ad00000, 0x000000008ad00000| Untracked 
| 104|0x000000008ae00000, 0x000000008ae00000, 0x000000008af00000|  0%| F|  |TAMS 0x000000008ae00000, 0x000000008ae00000| Untracked 
| 105|0x000000008af00000, 0x000000008af00000, 0x000000008b000000|  0%| F|  |TAMS 0x000000008af00000, 0x000000008af00000| Untracked 
| 106|0x000000008b000000, 0x000000008b000000, 0x000000008b100000|  0%| F|  |TAMS 0x000000008b000000, 0x000000008b000000| Untracked 
| 107|0x000000008b100000, 0x000000008b100000, 0x000000008b200000|  0%| F|  |TAMS 0x000000008b100000, 0x000000008b100000| Untracked 
| 108|0x000000008b200000, 0x000000008b200000, 0x000000008b300000|  0%| F|  |TAMS 0x000000008b200000, 0x000000008b200000| Untracked 
| 109|0x000000008b300000, 0x000000008b300000, 0x000000008b400000|  0%| F|  |TAMS 0x000000008b300000, 0x000000008b300000| Untracked 
| 110|0x000000008b400000, 0x000000008b400000, 0x000000008b500000|  0%| F|  |TAMS 0x000000008b400000, 0x000000008b400000| Untracked 
| 111|0x000000008b500000, 0x000000008b500000, 0x000000008b600000|  0%| F|  |TAMS 0x000000008b500000, 0x000000008b500000| Untracked 
| 112|0x000000008b600000, 0x000000008b600000, 0x000000008b700000|  0%| F|  |TAMS 0x000000008b600000, 0x000000008b600000| Untracked 
| 113|0x000000008b700000, 0x000000008b700000, 0x000000008b800000|  0%| F|  |TAMS 0x000000008b700000, 0x000000008b700000| Untracked 
| 114|0x000000008b800000, 0x000000008b800000, 0x000000008b900000|  0%| F|  |TAMS 0x000000008b800000, 0x000000008b800000| Untracked 
| 115|0x000000008b900000, 0x000000008b900000, 0x000000008ba00000|  0%| F|  |TAMS 0x000000008b900000, 0x000000008b900000| Untracked 
| 116|0x000000008ba00000, 0x000000008ba00000, 0x000000008bb00000|  0%| F|  |TAMS 0x000000008ba00000, 0x000000008ba00000| Untracked 
| 117|0x000000008bb00000, 0x000000008bb00000, 0x000000008bc00000|  0%| F|  |TAMS 0x000000008bb00000, 0x000000008bb00000| Untracked 
| 118|0x000000008bc00000, 0x000000008bc00000, 0x000000008bd00000|  0%| F|  |TAMS 0x000000008bc00000, 0x000000008bc00000| Untracked 
| 119|0x000000008bd00000, 0x000000008bd00000, 0x000000008be00000|  0%| F|  |TAMS 0x000000008bd00000, 0x000000008bd00000| Untracked 
| 120|0x000000008be00000, 0x000000008be00000, 0x000000008bf00000|  0%| F|  |TAMS 0x000000008be00000, 0x000000008be00000| Untracked 
| 121|0x000000008bf00000, 0x000000008bf00000, 0x000000008c000000|  0%| F|  |TAMS 0x000000008bf00000, 0x000000008bf00000| Untracked 
| 122|0x000000008c000000, 0x000000008c000000, 0x000000008c100000|  0%| F|  |TAMS 0x000000008c000000, 0x000000008c000000| Untracked 
| 123|0x000000008c100000, 0x000000008c100000, 0x000000008c200000|  0%| F|  |TAMS 0x000000008c100000, 0x000000008c100000| Untracked 
| 124|0x000000008c200000, 0x000000008c200000, 0x000000008c300000|  0%| F|  |TAMS 0x000000008c200000, 0x000000008c200000| Untracked 
| 125|0x000000008c300000, 0x000000008c300000, 0x000000008c400000|  0%| F|  |TAMS 0x000000008c300000, 0x000000008c300000| Untracked 
| 126|0x000000008c400000, 0x000000008c400000, 0x000000008c500000|  0%| F|  |TAMS 0x000000008c400000, 0x000000008c400000| Untracked 
| 127|0x000000008c500000, 0x000000008c500000, 0x000000008c600000|  0%| F|  |TAMS 0x000000008c500000, 0x000000008c500000| Untracked 
| 128|0x000000008c600000, 0x000000008c600000, 0x000000008c700000|  0%| F|  |TAMS 0x000000008c600000, 0x000000008c600000| Untracked 
| 129|0x000000008c700000, 0x000000008c700000, 0x000000008c800000|  0%| F|  |TAMS 0x000000008c700000, 0x000000008c700000| Untracked 
| 130|0x000000008c800000, 0x000000008c800000, 0x000000008c900000|  0%| F|  |TAMS 0x000000008c800000, 0x000000008c800000| Untracked 
| 131|0x000000008c900000, 0x000000008c900000, 0x000000008ca00000|  0%| F|  |TAMS 0x000000008c900000, 0x000000008c900000| Untracked 
| 132|0x000000008ca00000, 0x000000008ca00000, 0x000000008cb00000|  0%| F|  |TAMS 0x000000008ca00000, 0x000000008ca00000| Untracked 
| 133|0x000000008cb00000, 0x000000008cb00000, 0x000000008cc00000|  0%| F|  |TAMS 0x000000008cb00000, 0x000000008cb00000| Untracked 
| 134|0x000000008cc00000, 0x000000008cc00000, 0x000000008cd00000|  0%| F|  |TAMS 0x000000008cc00000, 0x000000008cc00000| Untracked 
| 135|0x000000008cd00000, 0x000000008cd00000, 0x000000008ce00000|  0%| F|  |TAMS 0x000000008cd00000, 0x000000008cd00000| Untracked 
| 136|0x000000008ce00000, 0x000000008ce00000, 0x000000008cf00000|  0%| F|  |TAMS 0x000000008ce00000, 0x000000008ce00000| Untracked 
| 137|0x000000008cf00000, 0x000000008cf00000, 0x000000008d000000|  0%| F|  |TAMS 0x000000008cf00000, 0x000000008cf00000| Untracked 
| 138|0x000000008d000000, 0x000000008d000000, 0x000000008d100000|  0%| F|  |TAMS 0x000000008d000000, 0x000000008d000000| Untracked 
| 139|0x000000008d100000, 0x000000008d100000, 0x000000008d200000|  0%| F|  |TAMS 0x000000008d100000, 0x000000008d100000| Untracked 
| 140|0x000000008d200000, 0x000000008d200000, 0x000000008d300000|  0%| F|  |TAMS 0x000000008d200000, 0x000000008d200000| Untracked 
| 141|0x000000008d300000, 0x000000008d300000, 0x000000008d400000|  0%| F|  |TAMS 0x000000008d300000, 0x000000008d300000| Untracked 
| 142|0x000000008d400000, 0x000000008d400000, 0x000000008d500000|  0%| F|  |TAMS 0x000000008d400000, 0x000000008d400000| Untracked 
| 143|0x000000008d500000, 0x000000008d500000, 0x000000008d600000|  0%| F|  |TAMS 0x000000008d500000, 0x000000008d500000| Untracked 
| 144|0x000000008d600000, 0x000000008d600000, 0x000000008d700000|  0%| F|  |TAMS 0x000000008d600000, 0x000000008d600000| Untracked 
| 145|0x000000008d700000, 0x000000008d700000, 0x000000008d800000|  0%| F|  |TAMS 0x000000008d700000, 0x000000008d700000| Untracked 
| 146|0x000000008d800000, 0x000000008d800000, 0x000000008d900000|  0%| F|  |TAMS 0x000000008d800000, 0x000000008d800000| Untracked 
| 147|0x000000008d900000, 0x000000008d900000, 0x000000008da00000|  0%| F|  |TAMS 0x000000008d900000, 0x000000008d900000| Untracked 
| 148|0x000000008da00000, 0x000000008da00000, 0x000000008db00000|  0%| F|  |TAMS 0x000000008da00000, 0x000000008da00000| Untracked 
| 149|0x000000008db00000, 0x000000008db00000, 0x000000008dc00000|  0%| F|  |TAMS 0x000000008db00000, 0x000000008db00000| Untracked 
| 150|0x000000008dc00000, 0x000000008dc00000, 0x000000008dd00000|  0%| F|  |TAMS 0x000000008dc00000, 0x000000008dc00000| Untracked 
| 151|0x000000008dd00000, 0x000000008dd00000, 0x000000008de00000|  0%| F|  |TAMS 0x000000008dd00000, 0x000000008dd00000| Untracked 
| 152|0x000000008de00000, 0x000000008de00000, 0x000000008df00000|  0%| F|  |TAMS 0x000000008de00000, 0x000000008de00000| Untracked 
| 153|0x000000008df00000, 0x000000008df00000, 0x000000008e000000|  0%| F|  |TAMS 0x000000008df00000, 0x000000008df00000| Untracked 
| 154|0x000000008e000000, 0x000000008e000000, 0x000000008e100000|  0%| F|  |TAMS 0x000000008e000000, 0x000000008e000000| Untracked 
| 155|0x000000008e100000, 0x000000008e100000, 0x000000008e200000|  0%| F|  |TAMS 0x000000008e100000, 0x000000008e100000| Untracked 
| 156|0x000000008e200000, 0x000000008e200000, 0x000000008e300000|  0%| F|  |TAMS 0x000000008e200000, 0x000000008e200000| Untracked 
| 157|0x000000008e300000, 0x000000008e300000, 0x000000008e400000|  0%| F|  |TAMS 0x000000008e300000, 0x000000008e300000| Untracked 
| 158|0x000000008e400000, 0x000000008e400000, 0x000000008e500000|  0%| F|  |TAMS 0x000000008e400000, 0x000000008e400000| Untracked 
| 159|0x000000008e500000, 0x000000008e500000, 0x000000008e600000|  0%| F|  |TAMS 0x000000008e500000, 0x000000008e500000| Untracked 
| 160|0x000000008e600000, 0x000000008e600000, 0x000000008e700000|  0%| F|  |TAMS 0x000000008e600000, 0x000000008e600000| Untracked 
| 161|0x000000008e700000, 0x000000008e700000, 0x000000008e800000|  0%| F|  |TAMS 0x000000008e700000, 0x000000008e700000| Untracked 
| 162|0x000000008e800000, 0x000000008e800000, 0x000000008e900000|  0%| F|  |TAMS 0x000000008e800000, 0x000000008e800000| Untracked 
| 163|0x000000008e900000, 0x000000008e900000, 0x000000008ea00000|  0%| F|  |TAMS 0x000000008e900000, 0x000000008e900000| Untracked 
| 164|0x000000008ea00000, 0x000000008ea00000, 0x000000008eb00000|  0%| F|  |TAMS 0x000000008ea00000, 0x000000008ea00000| Untracked 
| 165|0x000000008eb00000, 0x000000008eb00000, 0x000000008ec00000|  0%| F|  |TAMS 0x000000008eb00000, 0x000000008eb00000| Untracked 
| 166|0x000000008ec00000, 0x000000008ec00000, 0x000000008ed00000|  0%| F|  |TAMS 0x000000008ec00000, 0x000000008ec00000| Untracked 
| 167|0x000000008ed00000, 0x000000008ed00000, 0x000000008ee00000|  0%| F|  |TAMS 0x000000008ed00000, 0x000000008ed00000| Untracked 
| 168|0x000000008ee00000, 0x000000008ee00000, 0x000000008ef00000|  0%| F|  |TAMS 0x000000008ee00000, 0x000000008ee00000| Untracked 

Card table byte_map: [0x000001feaf000000,0x000001feaf3e0000] _byte_map_base: 0x000001feaebdd000

Marking Bits (Prev, Next): (CMBitMap*) 0x000001fe9bbff510, (CMBitMap*) 0x000001fe9bbff4d8
 Prev Bits: [0x000001feb16b0000, 0x000001feb3598000)
 Next Bits: [0x000001feaf7c0000, 0x000001feb16a8000)

Polling page: 0x000001fe998e0000

Metaspace:

Usage:
  Non-class:     59.11 MB capacity,    58.60 MB (>99%) used,   402.51 KB ( <1%) free+waste,   115.44 KB ( <1%) overhead. 
      Class:      7.88 MB capacity,     7.56 MB ( 96%) used,   284.68 KB (  4%) free+waste,    51.50 KB ( <1%) overhead. 
       Both:     66.99 MB capacity,    66.16 MB ( 99%) used,   687.19 KB (  1%) free+waste,   166.94 KB ( <1%) overhead. 

Virtual space:
  Non-class space:       60.00 MB reserved,      59.17 MB ( 99%) committed 
      Class space:        1.00 GB reserved,       7.91 MB ( <1%) committed 
             Both:        1.06 GB reserved,      67.08 MB (  6%) committed 

Chunk freelists:
   Non-Class:  2.00 KB
       Class:  22.00 KB
        Both:  24.00 KB

MaxMetaspaceSize: 17179869184.00 GB
CompressedClassSpaceSize: 1.00 GB
Initial GC threshold: 20.80 MB
Current GC threshold: 99.30 MB
CDS: off

CodeHeap 'non-profiled nmethods': size=120000Kb used=4330Kb max_used=4330Kb free=115669Kb
 bounds [0x000001fea71a0000, 0x000001fea75e0000, 0x000001feae6d0000]
CodeHeap 'profiled nmethods': size=120000Kb used=20229Kb max_used=20229Kb free=99770Kb
 bounds [0x000001fe9fc70000, 0x000001fea1040000, 0x000001fea71a0000]
CodeHeap 'non-nmethods': size=5760Kb used=1315Kb max_used=1379Kb free=4444Kb
 bounds [0x000001fe9f6d0000, 0x000001fe9f940000, 0x000001fe9fc70000]
 total_blobs=8611 nmethods=8009 adapters=513
 compilation: enabled
              stopped_count=0, restarted_count=0
 full_count=0

Compilation events (20 events):
Event: 4.996 Thread 0x000001feb6d42000 8002       4       org.jetbrains.kotlin.resolve.lazy.descriptors.LazyClassDescriptor::getKind (14 bytes)
Event: 4.996 Thread 0x000001feb6d42000 nmethod 8002 0x000001fea75d6f90 code [0x000001fea75d7120, 0x000001fea75d7198]
Event: 4.996 Thread 0x000001feb6d42000 7988       4       kotlin.properties.ObservableProperty::getValue (11 bytes)
Event: 4.996 Thread 0x000001feb6d42000 nmethod 7988 0x000001fea75d7290 code [0x000001fea75d7420, 0x000001fea75d7498]
Event: 4.996 Thread 0x000001feb6d42000 7853       4       org.jetbrains.kotlin.com.intellij.extapi.psi.StubBasedPsiElementBase::getStub (14 bytes)
Event: 4.997 Thread 0x000001feb6d42000 nmethod 7853 0x000001fea75d7590 code [0x000001fea75d7740, 0x000001fea75d7818]
Event: 4.997 Thread 0x000001feb6d42000 7852       4       org.jetbrains.kotlin.config.MavenComparableVersion$IntegerItem::compareTo (105 bytes)
Event: 4.999 Thread 0x000001feb6d42000 nmethod 7852 0x000001fea75d7990 code [0x000001fea75d7b40, 0x000001fea75d7d98]
Event: 4.999 Thread 0x000001feb6d42000 8041       4       java.nio.Buffer::nextGetIndex (32 bytes)
Event: 4.999 Thread 0x000001feb623c800 8042  s    3       java.io.ExpiringCache::get (39 bytes)
Event: 5.000 Thread 0x000001feb6d42000 nmethod 8041 0x000001fea75d8090 code [0x000001fea75d8220, 0x000001fea75d82b8]
Event: 5.000 Thread 0x000001feb6d42000 7813       4       org.jetbrains.kotlin.util.slicedMap.SlicedMapImpl::get (68 bytes)
Event: 5.000 Thread 0x000001feb623c800 nmethod 8042 0x000001fea1030990 code [0x000001fea1030b60, 0x000001fea1030f58]
Event: 5.002 Thread 0x000001feb623c800 8043       3       java.io.File::isDirectory (43 bytes)
Event: 5.002 Thread 0x000001feb623c800 nmethod 8043 0x000001fea1031090 code [0x000001fea1031280, 0x000001fea1031628]
Event: 5.003 Thread 0x000001feb6d42000 nmethod 7813 0x000001fea75d8390 code [0x000001fea75d8560, 0x000001fea75d88d8]
Event: 5.003 Thread 0x000001feb6d42000 8007       4       org.jetbrains.kotlin.utils.DFS$AbstractNodeHandler::afterChildren (1 bytes)
Event: 5.003 Thread 0x000001feb6d42000 nmethod 8007 0x000001fea75d8d10 code [0x000001fea75d8ea0, 0x000001fea75d8ef8]
Event: 5.009 Thread 0x000001feb6d43000 nmethod 7757 0x000001fea75d9010 code [0x000001fea75d9240, 0x000001fea75d9df8]
Event: 5.024 Thread 0x000001feb623c800 8045       3       jdk.internal.jimage.ImageLocation::verifyName (187 bytes)

GC Heap History (17 events):
Event: 0.410 GC heap before
{Heap before GC invocations=0 (full 0):
 garbage-first heap   total 126976K, used 27648K [0x0000000084600000, 0x0000000100000000)
  region size 1024K, 24 young (24576K), 0 survivors (0K)
 Metaspace       used 12290K, capacity 12394K, committed 12416K, reserved 1060864K
  class space    used 1121K, capacity 1149K, committed 1152K, reserved 1048576K
}
Event: 0.414 GC heap after
{Heap after GC invocations=1 (full 0):
 garbage-first heap   total 126976K, used 6459K [0x0000000084600000, 0x0000000100000000)
  region size 1024K, 3 young (3072K), 3 survivors (3072K)
 Metaspace       used 12290K, capacity 12394K, committed 12416K, reserved 1060864K
  class space    used 1121K, capacity 1149K, committed 1152K, reserved 1048576K
}
Event: 0.886 GC heap before
{Heap before GC invocations=1 (full 0):
 garbage-first heap   total 126976K, used 42299K [0x0000000084600000, 0x0000000100000000)
  region size 1024K, 39 young (39936K), 3 survivors (3072K)
 Metaspace       used 20841K, capacity 21112K, committed 21296K, reserved 1069056K
  class space    used 2253K, capacity 2338K, committed 2432K, reserved 1048576K
}
Event: 0.898 GC heap after
{Heap after GC invocations=2 (full 0):
 garbage-first heap   total 126976K, used 9868K [0x0000000084600000, 0x0000000100000000)
  region size 1024K, 7 young (7168K), 7 survivors (7168K)
 Metaspace       used 20841K, capacity 21112K, committed 21296K, reserved 1069056K
  class space    used 2253K, capacity 2338K, committed 2432K, reserved 1048576K
}
Event: 1.478 GC heap before
{Heap before GC invocations=3 (full 0):
 garbage-first heap   total 126976K, used 62092K [0x0000000084600000, 0x0000000100000000)
  region size 1024K, 53 young (54272K), 7 survivors (7168K)
 Metaspace       used 31712K, capacity 32163K, committed 32432K, reserved 1077248K
  class space    used 3814K, capacity 4001K, committed 4096K, reserved 1048576K
}
Event: 1.495 GC heap after
{Heap after GC invocations=4 (full 0):
 garbage-first heap   total 126976K, used 20712K [0x0000000084600000, 0x0000000100000000)
  region size 1024K, 7 young (7168K), 7 survivors (7168K)
 Metaspace       used 31712K, capacity 32163K, committed 32432K, reserved 1077248K
  class space    used 3814K, capacity 4001K, committed 4096K, reserved 1048576K
}
Event: 1.666 GC heap before
{Heap before GC invocations=4 (full 0):
 garbage-first heap   total 126976K, used 35048K [0x0000000084600000, 0x0000000100000000)
  region size 1024K, 22 young (22528K), 7 survivors (7168K)
 Metaspace       used 35226K, capacity 35698K, committed 35920K, reserved 1081344K
  class space    used 4403K, capacity 4580K, committed 4608K, reserved 1048576K
}
Event: 1.681 GC heap after
{Heap after GC invocations=5 (full 0):
 garbage-first heap   total 126976K, used 22620K [0x0000000084600000, 0x0000000100000000)
  region size 1024K, 6 young (6144K), 6 survivors (6144K)
 Metaspace       used 35226K, capacity 35698K, committed 35920K, reserved 1081344K
  class space    used 4403K, capacity 4580K, committed 4608K, reserved 1048576K
}
Event: 2.127 GC heap before
{Heap before GC invocations=6 (full 0):
 garbage-first heap   total 126976K, used 67676K [0x0000000084600000, 0x0000000100000000)
  region size 1024K, 50 young (51200K), 6 survivors (6144K)
 Metaspace       used 42950K, capacity 43457K, committed 43824K, reserved 1087488K
  class space    used 5170K, capacity 5393K, committed 5504K, reserved 1048576K
}
Event: 2.139 GC heap after
{Heap after GC invocations=7 (full 0):
 garbage-first heap   total 173056K, used 25900K [0x0000000084600000, 0x0000000100000000)
  region size 1024K, 7 young (7168K), 7 survivors (7168K)
 Metaspace       used 42950K, capacity 43457K, committed 43824K, reserved 1087488K
  class space    used 5170K, capacity 5393K, committed 5504K, reserved 1048576K
}
Event: 2.872 GC heap before
{Heap before GC invocations=7 (full 0):
 garbage-first heap   total 173056K, used 96556K [0x0000000084600000, 0x0000000100000000)
  region size 1024K, 73 young (74752K), 7 survivors (7168K)
 Metaspace       used 51681K, capacity 52308K, committed 52400K, reserved 1095680K
  class space    used 6087K, capacity 6354K, committed 6400K, reserved 1048576K
}
Event: 2.886 GC heap after
{Heap after GC invocations=8 (full 0):
 garbage-first heap   total 173056K, used 36173K [0x0000000084600000, 0x0000000100000000)
  region size 1024K, 10 young (10240K), 10 survivors (10240K)
 Metaspace       used 51681K, capacity 52308K, committed 52400K, reserved 1095680K
  class space    used 6087K, capacity 6354K, committed 6400K, reserved 1048576K
}
Event: 3.708 GC heap before
{Heap before GC invocations=8 (full 0):
 garbage-first heap   total 173056K, used 107853K [0x0000000084600000, 0x0000000100000000)
  region size 1024K, 80 young (81920K), 10 survivors (10240K)
 Metaspace       used 57735K, capacity 58446K, committed 58544K, reserved 1101824K
  class space    used 6636K, capacity 6904K, committed 6912K, reserved 1048576K
}
Event: 3.724 GC heap after
{Heap after GC invocations=9 (full 0):
 garbage-first heap   total 173056K, used 45927K [0x0000000084600000, 0x0000000100000000)
  region size 1024K, 10 young (10240K), 10 survivors (10240K)
 Metaspace       used 57735K, capacity 58446K, committed 58544K, reserved 1101824K
  class space    used 6636K, capacity 6904K, committed 6912K, reserved 1048576K
}
Event: 3.995 GC heap before
{Heap before GC invocations=9 (full 0):
 garbage-first heap   total 173056K, used 66407K [0x0000000084600000, 0x0000000100000000)
  region size 1024K, 31 young (31744K), 10 survivors (10240K)
 Metaspace       used 59595K, capacity 60318K, committed 60420K, reserved 1101824K
  class space    used 6876K, capacity 7185K, committed 7252K, reserved 1048576K
}
Event: 4.012 GC heap after
{Heap after GC invocations=10 (full 0):
 garbage-first heap   total 173056K, used 48647K [0x0000000084600000, 0x0000000100000000)
  region size 1024K, 4 young (4096K), 4 survivors (4096K)
 Metaspace       used 59595K, capacity 60318K, committed 60420K, reserved 1101824K
  class space    used 6876K, capacity 7185K, committed 7252K, reserved 1048576K
}
Event: 5.025 GC heap before
{Heap before GC invocations=11 (full 0):
 garbage-first heap   total 173056K, used 114183K [0x0000000084600000, 0x0000000100000000)
  region size 1024K, 69 young (70656K), 4 survivors (4096K)
 Metaspace       used 67745K, capacity 68600K, committed 68688K, reserved 1110016K
  class space    used 7737K, capacity 8074K, committed 8096K, reserved 1048576K
}

Deoptimization events (20 events):
Event: 4.949 Thread 0x000001fe9bbbf800 Uncommon trap: trap_request=0xffffff4d fr.pc=0x000001fea7211b18 relative=0x0000000000000258
Event: 4.949 Thread 0x000001fe9bbbf800 Uncommon trap: reason=unstable_if action=reinterpret pc=0x000001fea7211b18 method=java.util.HashMap.hash(Ljava/lang/Object;)I @ 1 c2
Event: 4.949 Thread 0x000001fe9bbbf800 DEOPT PACKING pc=0x000001fea7211b18 sp=0x00000096c56fdf40
Event: 4.949 Thread 0x000001fe9bbbf800 DEOPT UNPACKING pc=0x000001fe9f71a1af sp=0x00000096c56fde78 mode 2
Event: 4.973 Thread 0x000001fe9bbbf800 Uncommon trap: trap_request=0xffffffc6 fr.pc=0x000001fea757f3d4 relative=0x0000000000000634
Event: 4.973 Thread 0x000001fe9bbbf800 Uncommon trap: reason=bimorphic_or_optimized_type_check action=maybe_recompile pc=0x000001fea757f3d4 method=java.util.regex.Pattern$Start.match(Ljava/util/regex/Matcher;ILjava/lang/CharSequence;)Z @ 44 c2
Event: 4.973 Thread 0x000001fe9bbbf800 DEOPT PACKING pc=0x000001fea757f3d4 sp=0x00000096c56fc650
Event: 4.973 Thread 0x000001fe9bbbf800 DEOPT UNPACKING pc=0x000001fe9f71a1af sp=0x00000096c56fc590 mode 2
Event: 4.973 Thread 0x000001fe9bbbf800 Uncommon trap: trap_request=0xffffffc6 fr.pc=0x000001fea757f3d4 relative=0x0000000000000634
Event: 4.973 Thread 0x000001fe9bbbf800 Uncommon trap: reason=bimorphic_or_optimized_type_check action=maybe_recompile pc=0x000001fea757f3d4 method=java.util.regex.Pattern$Start.match(Ljava/util/regex/Matcher;ILjava/lang/CharSequence;)Z @ 44 c2
Event: 4.973 Thread 0x000001fe9bbbf800 DEOPT PACKING pc=0x000001fea757f3d4 sp=0x00000096c56fc5c0
Event: 4.973 Thread 0x000001fe9bbbf800 DEOPT UNPACKING pc=0x000001fe9f71a1af sp=0x00000096c56fc500 mode 2
Event: 4.973 Thread 0x000001fe9bbbf800 Uncommon trap: trap_request=0xffffffc6 fr.pc=0x000001fea757f3d4 relative=0x0000000000000634
Event: 4.973 Thread 0x000001fe9bbbf800 Uncommon trap: reason=bimorphic_or_optimized_type_check action=maybe_recompile pc=0x000001fea757f3d4 method=java.util.regex.Pattern$Start.match(Ljava/util/regex/Matcher;ILjava/lang/CharSequence;)Z @ 44 c2
Event: 4.973 Thread 0x000001fe9bbbf800 DEOPT PACKING pc=0x000001fea757f3d4 sp=0x00000096c56fc640
Event: 4.973 Thread 0x000001fe9bbbf800 DEOPT UNPACKING pc=0x000001fe9f71a1af sp=0x00000096c56fc580 mode 2
Event: 4.973 Thread 0x000001fe9bbbf800 Uncommon trap: trap_request=0xffffffc6 fr.pc=0x000001fea757f3d4 relative=0x0000000000000634
Event: 4.973 Thread 0x000001fe9bbbf800 Uncommon trap: reason=bimorphic_or_optimized_type_check action=maybe_recompile pc=0x000001fea757f3d4 method=java.util.regex.Pattern$Start.match(Ljava/util/regex/Matcher;ILjava/lang/CharSequence;)Z @ 44 c2
Event: 4.973 Thread 0x000001fe9bbbf800 DEOPT PACKING pc=0x000001fea757f3d4 sp=0x00000096c56fc650
Event: 4.973 Thread 0x000001fe9bbbf800 DEOPT UNPACKING pc=0x000001fe9f71a1af sp=0x00000096c56fc590 mode 2

Classes redefined (0 events):
No events

Internal exceptions (20 events):
Event: 3.649 Thread 0x000001fe9bbbf800 Implicit null exception at 0x000001fea72ffe4c to 0x000001fea72fff28
Event: 3.649 Thread 0x000001fe9bbbf800 Implicit null exception at 0x000001fea71fdc5e to 0x000001fea71fe3ca
Event: 3.649 Thread 0x000001fe9bbbf800 Implicit null exception at 0x000001fea71febaf to 0x000001fea71fec1d
Event: 3.662 Thread 0x000001fe9bbbf800 Implicit null exception at 0x000001fea724a575 to 0x000001fea724a748
Event: 3.867 Thread 0x000001fe9bbbf800 Exception <a 'java/lang/NoSuchMethodError'{0x000000008e213708}: 'java.lang.Object java.lang.invoke.Invokers$Holder.linkToTargetMethod(java.lang.Object, java.lang.Object, java.lang.Object, int, int, java.lang.Object)'> (0x000000008e213708) thrown at [./src/hotspot/share/interpreter/linkResolver.cpp, line 773]
Event: 3.895 Thread 0x000001fe9bbbf800 Exception <a 'java/lang/NoSuchMethodError'{0x000000008e193178}: 'java.lang.Object java.lang.invoke.DirectMethodHandle$Holder.invokeSpecial(java.lang.Object, java.lang.Object, java.lang.Object, java.lang.Object, java.lang.Object, java.lang.Object, java.lang.Object, java.lang.Object, java.lang.Object)'> (0x000000008e193178) thrown at [./src/hotspot/share/interpreter/linkResolver.cpp, line 773]
Event: 3.895 Thread 0x000001fe9bbbf800 Exception <a 'java/lang/NoSuchMethodError'{0x000000008e197370}: 'java.lang.Object java.lang.invoke.Invokers$Holder.linkToTargetMethod(java.lang.Object, java.lang.Object, java.lang.Object, java.lang.Object, java.lang.Object, java.lang.Object, java.lang.Object, java.lang.Object)'> (0x000000008e197370) thrown at [./src/hotspot/share/interpreter/linkResolver.cpp, line 773]
Event: 3.898 Thread 0x000001fe9bbbf800 Exception <a 'java/lang/NoSuchMethodError'{0x000000008e1b1ca8}: 'int java.lang.invoke.DirectMethodHandle$Holder.invokeInterface(java.lang.Object, java.lang.Object)'> (0x000000008e1b1ca8) thrown at [./src/hotspot/share/interpreter/linkResolver.cpp, line 773]
Event: 3.962 Thread 0x000001fe9bbbf800 Exception <a 'java/lang/NoSuchMethodError'{0x000000008dcddcf0}: 'int java.lang.invoke.DirectMethodHandle$Holder.invokeVirtual(java.lang.Object, java.lang.Object, java.lang.Object)'> (0x000000008dcddcf0) thrown at [./src/hotspot/share/interpreter/linkResolver.cpp, line 773]
Event: 3.982 Thread 0x000001fe9bbbf800 Exception <a 'java/lang/NoSuchMethodError'{0x000000008dbc1600}: 'java.lang.Object java.lang.invoke.DirectMethodHandle$Holder.invokeSpecial(java.lang.Object, java.lang.Object, java.lang.Object, java.lang.Object, java.lang.Object, int)'> (0x000000008dbc1600) thrown at [./src/hotspot/share/interpreter/linkResolver.cpp, line 773]
Event: 3.982 Thread 0x000001fe9bbbf800 Exception <a 'java/lang/NoSuchMethodError'{0x000000008dbc5448}: 'java.lang.Object java.lang.invoke.Invokers$Holder.linkToTargetMethod(java.lang.Object, java.lang.Object, java.lang.Object, int, java.lang.Object)'> (0x000000008dbc5448) thrown at [./src/hotspot/share/interpreter/linkResolver.cpp, line 773]
Event: 4.073 Thread 0x000001fe9bbbf800 Exception <a 'java/lang/NoSuchMethodError'{0x000000008ecd7418}: 'void java.lang.invoke.DirectMethodHandle$Holder.invokeInterface(java.lang.Object, java.lang.Object)'> (0x000000008ecd7418) thrown at [./src/hotspot/share/interpreter/linkResolver.cpp, line 773]
Event: 4.157 Thread 0x000001fe9bbbf800 Implicit null exception at 0x000001fea71bbaf4 to 0x000001fea71bc008
Event: 4.166 Thread 0x000001fe9bbbf800 Exception <a 'java/lang/NoSuchMethodError'{0x000000008e758fe0}: 'java.lang.Object java.lang.invoke.DirectMethodHandle$Holder.invokeInterface(java.lang.Object, java.lang.Object, java.lang.Object)'> (0x000000008e758fe0) thrown at [./src/hotspot/share/interpreter/linkResolver.cpp, line 773]
Event: 4.166 Thread 0x000001fe9bbbf800 Exception <a 'java/lang/IncompatibleClassChangeError'{0x000000008e75c4b8}: Found class java.lang.Object, but interface was expected> (0x000000008e75c4b8) thrown at [./src/hotspot/share/interpreter/linkResolver.cpp, line 839]
Event: 4.175 Thread 0x000001fe9bbbf800 Implicit null exception at 0x000001fea71bc8f4 to 0x000001fea71bcddc
Event: 4.387 Thread 0x000001fe9bbbf800 Exception <a 'java/lang/NoSuchMethodError'{0x000000008dbbd0e8}: 'java.lang.Object java.lang.invoke.DirectMethodHandle$Holder.invokeStatic(java.lang.Object, int, java.lang.Object, java.lang.Object)'> (0x000000008dbbd0e8) thrown at [./src/hotspot/share/interpreter/linkResolver.cpp, line 773]
Event: 4.411 Thread 0x000001fe9bbbf800 Exception <a 'java/lang/NoSuchMethodError'{0x000000008dacc420}: 'int java.lang.invoke.DirectMethodHandle$Holder.invokeStaticInit(java.lang.Object, int)'> (0x000000008dacc420) thrown at [./src/hotspot/share/interpreter/linkResolver.cpp, line 773]
Event: 4.429 Thread 0x000001fe9bbbf800 Implicit null exception at 0x000001fea74398dc to 0x000001fea743a220
Event: 4.949 Thread 0x000001fe9bbbf800 Implicit null exception at 0x000001fea72118f4 to 0x000001fea7211b0c

Events (20 events):
Event: 4.997 loading class com/sun/tools/javac/util/Context
Event: 4.997 loading class com/sun/tools/javac/util/Context done
Event: 4.997 loading class com/sun/tools/javac/util/Context$Factory
Event: 4.997 loading class com/sun/tools/javac/util/Context$Factory done
Event: 4.997 loading class org/jetbrains/kotlin/kapt3/base/incremental/SourcesToReprocess$FullRebuild
Event: 4.997 loading class org/jetbrains/kotlin/kapt3/base/incremental/SourcesToReprocess$FullRebuild done
Event: 4.997 loading class org/jetbrains/kotlin/kapt3/base/incremental/SourcesToReprocess
Event: 4.997 loading class org/jetbrains/kotlin/kapt3/base/incremental/SourcesToReprocess done
Event: 4.999 loading class org/jetbrains/kotlin/kapt3/base/util/Java9UtilsKt
Event: 4.999 loading class org/jetbrains/kotlin/kapt3/base/util/Java9UtilsKt done
Event: 4.999 loading class org/jetbrains/kotlin/kapt3/base/KaptContext$Companion$makePathsString$1
Event: 4.999 loading class org/jetbrains/kotlin/kapt3/base/KaptContext$Companion$makePathsString$1 done
Event: 5.016 Loaded shared library C:\Program Files\Android\Android Studio\jre\bin\java.dll
Event: 5.022 loading class sun/nio/fs/WindowsPath$1
Event: 5.022 loading class sun/nio/fs/WindowsPath$1 done
Event: 5.023 loading class javax/tools/StandardJavaFileManager$PathFactory
Event: 5.023 loading class javax/tools/StandardJavaFileManager$PathFactory done
Event: 5.023 loading class java/io/UncheckedIOException
Event: 5.023 loading class java/io/UncheckedIOException done
Event: 5.025 Executing VM operation: G1CollectForAllocation


Dynamic libraries:
0x00007ff6f49b0000 - 0x00007ff6f49ba000 	C:\Program Files\Android\Android Studio\jre\bin\java.exe
0x00007ff96e420000 - 0x00007ff96e629000 	C:\Windows\SYSTEM32\ntdll.dll
0x00007ff96cfc0000 - 0x00007ff96d07d000 	C:\Windows\System32\KERNEL32.DLL
0x00007ff96bc00000 - 0x00007ff96bf7c000 	C:\Windows\System32\KERNELBASE.dll
0x00007ff96bf80000 - 0x00007ff96c091000 	C:\Windows\System32\ucrtbase.dll
0x00007ff961470000 - 0x00007ff961489000 	C:\Program Files\Android\Android Studio\jre\bin\jli.dll
0x00007ff960da0000 - 0x00007ff960db7000 	C:\Program Files\Android\Android Studio\jre\bin\VCRUNTIME140.dll
0x00007ff96cdb0000 - 0x00007ff96cf5d000 	C:\Windows\System32\USER32.dll
0x00007ff96c110000 - 0x00007ff96c136000 	C:\Windows\System32\win32u.dll
0x00007ff93e2b0000 - 0x00007ff93e555000 	C:\Windows\WinSxS\amd64_microsoft.windows.common-controls_6595b64144ccf1df_6.0.22000.120_none_9d947278b86cc467\COMCTL32.dll
0x00007ff96e170000 - 0x00007ff96e199000 	C:\Windows\System32\GDI32.dll
0x00007ff96ccd0000 - 0x00007ff96cd73000 	C:\Windows\System32\msvcrt.dll
0x00007ff96b900000 - 0x00007ff96ba19000 	C:\Windows\System32\gdi32full.dll
0x00007ff96bb60000 - 0x00007ff96bbfd000 	C:\Windows\System32\msvcp_win.dll
0x00007ff96d0e0000 - 0x00007ff96d111000 	C:\Windows\System32\IMM32.DLL
0x00007ff925430000 - 0x00007ff9254cd000 	C:\Program Files\Android\Android Studio\jre\bin\msvcp140.dll
0x00007ff9157b0000 - 0x00007ff916295000 	C:\Program Files\Android\Android Studio\jre\bin\server\jvm.dll
0x00007ff96c960000 - 0x00007ff96ca0e000 	C:\Windows\System32\ADVAPI32.dll
0x00007ff96e0c0000 - 0x00007ff96e15e000 	C:\Windows\System32\sechost.dll
0x00007ff96d610000 - 0x00007ff96d730000 	C:\Windows\System32\RPCRT4.dll
0x00007ff96e160000 - 0x00007ff96e168000 	C:\Windows\System32\PSAPI.DLL
0x00007ff960b60000 - 0x00007ff960b93000 	C:\Windows\SYSTEM32\WINMM.dll
0x00007ff9157a0000 - 0x00007ff9157a9000 	C:\Windows\SYSTEM32\WSOCK32.dll
0x00007ff966ab0000 - 0x00007ff966aba000 	C:\Windows\SYSTEM32\VERSION.dll
0x00007ff96e1b0000 - 0x00007ff96e21f000 	C:\Windows\System32\WS2_32.dll
0x00007ff96a9b0000 - 0x00007ff96a9c8000 	C:\Windows\SYSTEM32\kernel.appcore.dll
0x00007ff915780000 - 0x00007ff915791000 	C:\Program Files\Android\Android Studio\jre\bin\verify.dll
0x00007ff9651d0000 - 0x00007ff9653f1000 	C:\Windows\SYSTEM32\DBGHELP.DLL
0x00007ff965550000 - 0x00007ff965581000 	C:\Windows\SYSTEM32\dbgcore.DLL
0x00007ff96ba20000 - 0x00007ff96ba9f000 	C:\Windows\System32\bcryptPrimitives.dll
0x00007ff915750000 - 0x00007ff915779000 	C:\Program Files\Android\Android Studio\jre\bin\java.dll
0x00007ff915740000 - 0x00007ff91574b000 	C:\Program Files\Android\Android Studio\jre\bin\jimage.dll
0x00007ff915720000 - 0x00007ff915738000 	C:\Program Files\Android\Android Studio\jre\bin\zip.dll
0x00007ff96d900000 - 0x00007ff96e0b8000 	C:\Windows\System32\SHELL32.dll
0x00007ff969a20000 - 0x00007ff96a288000 	C:\Windows\SYSTEM32\windows.storage.dll
0x00007ff96d290000 - 0x00007ff96d609000 	C:\Windows\System32\combase.dll
0x00007ff9698b0000 - 0x00007ff969a16000 	C:\Windows\SYSTEM32\wintypes.dll
0x00007ff96d7b0000 - 0x00007ff96d89a000 	C:\Windows\System32\SHCORE.dll
0x00007ff96d080000 - 0x00007ff96d0dd000 	C:\Windows\System32\shlwapi.dll
0x00007ff96b830000 - 0x00007ff96b851000 	C:\Windows\SYSTEM32\profapi.dll
0x00007ff915700000 - 0x00007ff91571a000 	C:\Program Files\Android\Android Studio\jre\bin\net.dll
0x00007ff9669a0000 - 0x00007ff966aac000 	C:\Windows\SYSTEM32\WINHTTP.dll
0x00007ff96add0000 - 0x00007ff96ae37000 	C:\Windows\system32\mswsock.dll
0x00007ff9156e0000 - 0x00007ff9156f4000 	C:\Program Files\Android\Android Studio\jre\bin\nio.dll

dbghelp: loaded successfully - version: 4.0.5 - missing functions: none
symbol engine: initialized successfully - sym options: 0x614 - pdb path: .;C:\Program Files\Android\Android Studio\jre\bin;C:\Windows\SYSTEM32;C:\Windows\WinSxS\amd64_microsoft.windows.common-controls_6595b64144ccf1df_6.0.22000.120_none_9d947278b86cc467;C:\Program Files\Android\Android Studio\jre\bin\server

VM Arguments:
java_command: org.jetbrains.kotlin.cli.jvm.K2JVMCompiler @C:\Users\Tecnico TI\Desktop\Lucas reposiorys\Vendas\app\build\20220929_16843026430906814231.compiler.options
java_class_path (initial): C:\Users\Tecnico TI\.gradle\caches\modules-2\files-2.1\org.jetbrains.kotlin\kotlin-compiler-embeddable\1.7.10\909803167c98606fcf22b4c848647c68e351d48d\kotlin-compiler-embeddable-1.7.10.jar;C:\Users\Tecnico TI\.gradle\caches\modules-2\files-2.1\org.jetbrains.kotlin\kotlin-reflect\1.7.10\165e600dfea6185cf5efa700756294cc4904dbeb\kotlin-reflect-1.7.10.jar;C:\Users\Tecnico TI\.gradle\caches\modules-2\files-2.1\org.jetbrains.kotlin\kotlin-stdlib\1.7.10\d2abf9e77736acc4450dc4a3f707fa2c10f5099d\kotlin-stdlib-1.7.10.jar;C:\Users\Tecnico TI\.gradle\caches\modules-2\files-2.1\org.jetbrains.kotlin\kotlin-script-runtime\1.7.10\c99c87a6988d8fd8d5142e9ed5c9f34a7cf561ee\kotlin-script-runtime-1.7.10.jar;C:\Users\Tecnico TI\.gradle\caches\modules-2\files-2.1\org.jetbrains.kotlin\kotlin-daemon-embeddable\1.7.10\3a9f7aef7080d3ae63126cbba4f827ed664f32fa\kotlin-daemon-embeddable-1.7.10.jar;C:\Users\Tecnico TI\.gradle\caches\modules-2\files-2.1\org.jetbrains.intellij.deps\trove4j\1.0.20200330\3afb14d5f9ceb459d724e907a21145e8ff394f02\trove4j-1.0.20200330.jar;C:\Users\Tecnico TI\.gradle\caches\modules-2\files-2.1\net.java.dev.jna\jna\5.6.0\330f2244e9030119ab3030fc3fededc86713d9cc\jna-5.6.0.jar;C:\Users\Tecnico TI\.gradle\caches\modules-2\files-2.1\org.jetbrains.kotlin\kotlin-stdlib-common\1.7.10\bac80c520d0a9e3f3673bc2658c6ed02ef45a76a\kotlin-stdlib-common-1.7.10.jar;C:\Users\Tecnico TI\.gradle\caches\modules-2\files-2.1\org.jetbrains\annotations\13.0\919f0dfe192fb4e063e7dacadee7f8bb9a2672a9\annotations-13.0.jar
Launcher Type: SUN_STANDARD

[Global flags]
     intx CICompilerCount                          = 4                                         {product} {ergonomic}
     uint ConcGCThreads                            = 3                                         {product} {ergonomic}
     uint G1ConcRefinementThreads                  = 10                                        {product} {ergonomic}
   size_t G1HeapRegionSize                         = 1048576                                   {product} {ergonomic}
    uintx GCDrainStackTargetSize                   = 64                                        {product} {ergonomic}
   size_t InitialHeapSize                          = 130023424                                 {product} {ergonomic}
   size_t MarkStackSize                            = 4194304                                   {product} {ergonomic}
   size_t MaxHeapSize                              = 2074083328                                {product} {ergonomic}
   size_t MaxNewSize                               = 1243611136                                {product} {ergonomic}
   size_t MinHeapDeltaBytes                        = 1048576                                   {product} {ergonomic}
    uintx NonNMethodCodeHeapSize                   = 5836300                                {pd product} {ergonomic}
    uintx NonProfiledCodeHeapSize                  = 122910970                              {pd product} {ergonomic}
    uintx ProfiledCodeHeapSize                     = 122910970                              {pd product} {ergonomic}
    uintx ReservedCodeCacheSize                    = 251658240                              {pd product} {ergonomic}
     bool SegmentedCodeCache                       = true                                      {product} {ergonomic}
     bool UseCompressedClassPointers               = true                                 {lp64_product} {ergonomic}
     bool UseCompressedOops                        = true                                 {lp64_product} {ergonomic}
     bool UseG1GC                                  = true                                      {product} {ergonomic}
     bool UseLargePagesIndividualAllocation        = false                                  {pd product} {ergonomic}

Logging:
Log output configuration:
 #0: stdout all=warning uptime,level,tags
 #1: stderr all=off uptime,level,tags

Environment Variables:
PATH=C:\Program Files (x86)\Common Files\Oracle\Java\javapath;C:\Program Files (x86)\VMware\VMware Workstation\bin\;C:\Windows\system32;C:\Windows;C:\Windows\System32\Wbem;C:\Windows\System32\WindowsPowerShell\v1.0\;C:\Windows\System32\OpenSSH\;C:\Program Files\dotnet\;C:\Program Files\Docker\Docker\resources\bin;C:\ProgramData\DockerDesktop\version-bin;C:\Program Files\nodejs\;C:\Program Files (x86)\Yarn\bin\;C:\Program Files\Git\cmd;C:\Program Files\MySQL\MySQL Shell 8.0\bin\;C:\Ruby31-x64\bin;C:\Users\Tecnico TI\AppData\Local\Microsoft\WindowsApps;;C:\Users\Tecnico TI\AppData\Local\Programs\Microsoft VS Code\bin;C:\Users\Tecnico TI\AppData\Roaming\npm;C:\Users\Tecnico TI\AppData\Local\Yarn\bin
USERNAME=Tecnico TI
OS=Windows_NT
PROCESSOR_IDENTIFIER=Intel64 Family 6 Model 165 Stepping 3, GenuineIntel



---------------  S Y S T E M  ---------------

OS: Windows 10 , 64 bit Build 22000 (10.0.22000.708)
OS uptime: 0 days 0:19 hours
Hyper-V role detected

CPU:total 12 (initial active 12) (6 cores per cpu, 2 threads per core) family 6 model 165 stepping 3 microcode 0xec, cmov, cx8, fxsr, mmx, sse, sse2, sse3, ssse3, sse4.1, sse4.2, popcnt, avx, avx2, aes, clmul, erms, 3dnowpref, lzcnt, ht, tsc, tscinvbit, bmi1, bmi2, adx, fma

Memory: 4k page, system-wide physical 7906M (2746M free)
TotalPageFile size 8518M (AvailPageFile size 12M)
current process WorkingSet (physical memory assigned to process): 367M, peak: 370M
current process commit charge ("private bytes"): 427M, peak: 476M

vm_info: OpenJDK 64-Bit Server VM (11.0.12+7-b1504.28-7817840) for windows-amd64 JRE (11.0.12+7-b1504.28-7817840), built on Oct 13 2021 22:12:33 by "builder" with MS VC++ 14.0 (VS2015)

END.
